Using pre-set license
Built from '2020.3/staging' branch; Version is '2020.3.22f1 (e1a7f79fd887) revision 14788599'; Using compiler version '192528614'; Build Type 'Release'
OS: 'Windows 10 Pro; OS build 22000.708; Version 2009; 64bit' Language: 'ru' Physical Memory: 16202 MB
BatchMode: 1, IsHumanControllingUs: 0, StartBugReporterOnCrash: 0, Is64bit: 1, IsPro: 0

COMMAND LINE ARGUMENTS:
C:\Program Files\Unity\Hub\Editor\2020.3.22f1\Editor\Unity.exe
-adb2
-batchMode
-noUpm
-name
AssetImportWorker0
-projectPath
C:/Users/Vadya/Documents/Fire Balls 3d
-logFile
Logs/AssetImportWorker0.log
-srvPort
50083
Successfully changed project path to: C:/Users/Vadya/Documents/Fire Balls 3d
C:/Users/Vadya/Documents/Fire Balls 3d
Using Asset Import Pipeline V2.
Refreshing native plugins compatible for Editor in 32.90 ms, found 2 plugins.
Preloading 0 native plugins for Editor in 0.00 ms.
Initialize engine version: 2020.3.22f1 (e1a7f79fd887)
[Subsystems] Discovering subsystems at path C:/Program Files/Unity/Hub/Editor/2020.3.22f1/Editor/Data/Resources/UnitySubsystems
[Subsystems] Discovering subsystems at path C:/Users/Vadya/Documents/Fire Balls 3d/Assets
GfxDevice: creating device client; threaded=0
Direct3D:
    Version:  Direct3D 11.0 [level 11.1]
    Renderer: NVIDIA GeForce RTX 3050 Laptop GPU (ID=0x25a2)
    Vendor:   
    VRAM:     3991 MB
    Driver:   30.0.15.1277
Initialize mono
Mono path[0] = 'C:/Program Files/Unity/Hub/Editor/2020.3.22f1/Editor/Data/Managed'
Mono path[1] = 'C:/Program Files/Unity/Hub/Editor/2020.3.22f1/Editor/Data/MonoBleedingEdge/lib/mono/unityjit'
Mono config path = 'C:/Program Files/Unity/Hub/Editor/2020.3.22f1/Editor/Data/MonoBleedingEdge/etc'
Using monoOptions --debugger-agent=transport=dt_socket,embedding=1,server=y,suspend=n,address=127.0.0.1:56904
Begin MonoManager ReloadAssembly
Registering precompiled unity dll's ...
Register platform support module: C:/Program Files/Unity/Hub/Editor/2020.3.22f1/Editor/Data/PlaybackEngines/WindowsStandaloneSupport/UnityEditor.WindowsStandalone.Extensions.dll
Registered in 0.000933 seconds.
Native extension for WindowsStandalone target not found
Refreshing native plugins compatible for Editor in 32.05 ms, found 2 plugins.
Preloading 0 native plugins for Editor in 0.00 ms.
Mono: successfully reloaded assembly
- Completed reload, in  1.637 seconds
Domain Reload Profiling:
	ReloadAssembly (1638ms)
		BeginReloadAssembly (45ms)
			ExecutionOrderSort (0ms)
			DisableScriptedObjects (0ms)
			BackupInstance (0ms)
			ReleaseScriptingObjects (0ms)
			CreateAndSetChildDomain (1ms)
		EndReloadAssembly (393ms)
			LoadAssemblies (44ms)
			RebuildTransferFunctionScriptingTraits (0ms)
			SetupTypeCache (127ms)
			ReleaseScriptCaches (0ms)
			RebuildScriptCaches (31ms)
			SetupLoadedEditorAssemblies (145ms)
				LogAssemblyErrors (0ms)
				InitializePlatformSupportModulesInManaged (3ms)
				SetLoadedEditorAssemblies (1ms)
				RefreshPlugins (32ms)
				BeforeProcessingInitializeOnLoad (11ms)
				ProcessInitializeOnLoadAttributes (73ms)
				ProcessInitializeOnLoadMethodAttributes (25ms)
				AfterProcessingInitializeOnLoad (0ms)
				EditorAssembliesLoaded (0ms)
			ExecutionOrderSort2 (0ms)
			AwakeInstancesAfterBackupRestoration (0ms)
Platform modules already initialized, skipping
Registering precompiled user dll's ...
Registered in 0.003230 seconds.
Begin MonoManager ReloadAssembly
Native extension for WindowsStandalone target not found
Refreshing native plugins compatible for Editor in 0.41 ms, found 2 plugins.
Preloading 0 native plugins for Editor in 0.00 ms.
Mono: successfully reloaded assembly
- Completed reload, in  0.895 seconds
Domain Reload Profiling:
	ReloadAssembly (896ms)
		BeginReloadAssembly (123ms)
			ExecutionOrderSort (0ms)
			DisableScriptedObjects (4ms)
			BackupInstance (0ms)
			ReleaseScriptingObjects (0ms)
			CreateAndSetChildDomain (16ms)
		EndReloadAssembly (722ms)
			LoadAssemblies (72ms)
			RebuildTransferFunctionScriptingTraits (0ms)
			SetupTypeCache (241ms)
			ReleaseScriptCaches (0ms)
			RebuildScriptCaches (45ms)
			SetupLoadedEditorAssemblies (284ms)
				LogAssemblyErrors (0ms)
				InitializePlatformSupportModulesInManaged (5ms)
				SetLoadedEditorAssemblies (0ms)
				RefreshPlugins (0ms)
				BeforeProcessingInitializeOnLoad (77ms)
				ProcessInitializeOnLoadAttributes (190ms)
				ProcessInitializeOnLoadMethodAttributes (8ms)
				AfterProcessingInitializeOnLoad (3ms)
				EditorAssembliesLoaded (0ms)
			ExecutionOrderSort2 (0ms)
			AwakeInstancesAfterBackupRestoration (6ms)
Platform modules already initialized, skipping
========================================================================
Worker process is ready to serve import requests
Launched and connected shader compiler UnityShaderCompiler.exe after 0.05 seconds
Refreshing native plugins compatible for Editor in 0.39 ms, found 2 plugins.
Preloading 0 native plugins for Editor in 0.00 ms.
Unloading 1898 Unused Serialized files (Serialized files now loaded: 0)
System memory in use before: 159.3 MB.
System memory in use after: 159.4 MB.

Unloading 22 unused Assets to reduce memory usage. Loaded Objects now: 2335.
Total: 3.018900 ms (FindLiveObjects: 0.184600 ms CreateObjectMapping: 0.064400 ms MarkObjects: 2.687500 ms  DeleteObjects: 0.081500 ms)

AssetImportParameters requested are different than current active one (requested -> active):
  custom:framework-win-MediaFoundation: 216162199b28c13a410421893ffa2e32 -> 
  custom:video-decoder-ogg-theora: a1e56fd34408186e4bbccfd4996cb3dc -> 
  custom:container-muxer-webm: aa71ff27fc2769a1b78a27578f13a17b -> 
  custom:container-demuxer-webm: 4f35f7cbe854078d1ac9338744f61a02 -> 
  custom:container-demuxer-ogg: 62fdf1f143b41e24485cea50d1cbac27 -> 
  custom:video-encoder-webm-vp8: eb34c28f22e8b96e1ab97ce403110664 -> 
  custom:video-codec-MediaFoundation-h265: 746d11721c4dcdbdad8f713fa42b33f4 -> 
  custom:video-decoder-webm-vp8: 9c59270c3fd7afecdb556c50c9e8de78 -> 
  custom:audio-decoder-ogg-vorbis: bf7c407c2cedff20999df2af8eb42d56 -> 
  custom:audio-encoder-webm-vorbis: bf7c407c2cedff20999df2af8eb42d56 -> 
========================================================================
Received Import Request.
  path: Assets/Scripts/Block.cs
  artifactKey: Guid(795a2af28845954498e68454125c43d4) Importer(815301076,1909f56bfc062723c751e8b465ee728b)
Start importing Assets/Scripts/Block.cs using Guid(795a2af28845954498e68454125c43d4) Importer(815301076,1909f56bfc062723c751e8b465ee728b)  -> (artifact id: '2b5518735f4061b57ed2061a826de2fe') in 0.021279 seconds 
  Import took 0.023735 seconds .

========================================================================
Received Import Request.
  Time since last request: 1397.664826 seconds.
  path: Assets/MobileDepthWater/Scenes
  artifactKey: Guid(2caf604f4a11e0641b289d84e1cc22c3) Importer(815301076,1909f56bfc062723c751e8b465ee728b)
Start importing Assets/MobileDepthWater/Scenes using Guid(2caf604f4a11e0641b289d84e1cc22c3) Importer(815301076,1909f56bfc062723c751e8b465ee728b)  -> (artifact id: '46ca0cdf82ba8b241e0f95322b62879e') in 0.005502 seconds 
  Import took 0.008730 seconds .

========================================================================
Received Import Request.
  Time since last request: 1.198996 seconds.
  path: Assets/MobileDepthWater/Scenes/DemoScene.unity
  artifactKey: Guid(56af498a20d7fb14ab9dd5bbde060f9d) Importer(815301076,1909f56bfc062723c751e8b465ee728b)
Start importing Assets/MobileDepthWater/Scenes/DemoScene.unity using Guid(56af498a20d7fb14ab9dd5bbde060f9d) Importer(815301076,1909f56bfc062723c751e8b465ee728b)  -> (artifact id: '858ee57379c8d5077d7e1284c0e9e39f') in 0.022964 seconds 
  Import took 0.025678 seconds .

========================================================================
Received Import Request.
  Time since last request: 31.785658 seconds.
  path: Assets/Prefabs/WaterPlane.prefab
  artifactKey: Guid(307a955aa5fab074ba557180e5257123) Importer(815301076,1909f56bfc062723c751e8b465ee728b)
Start importing Assets/Prefabs/WaterPlane.prefab using Guid(307a955aa5fab074ba557180e5257123) Importer(815301076,1909f56bfc062723c751e8b465ee728b)  -> (artifact id: 'c8d54bda5034b11ccdff8543b905482b') in 0.076551 seconds 
  Import took 0.079477 seconds .

========================================================================
Received Import Request.
  Time since last request: 3.703035 seconds.
  path: Assets/Scenes
  artifactKey: Guid(f45e30cdd6931c844ac32474619e9b98) Importer(815301076,1909f56bfc062723c751e8b465ee728b)
Start importing Assets/Scenes using Guid(f45e30cdd6931c844ac32474619e9b98) Importer(815301076,1909f56bfc062723c751e8b465ee728b)  -> (artifact id: '597c2c7f3e02269672e16ce8e1abe302') in 0.003567 seconds 
  Import took 0.006731 seconds .

========================================================================
Received Import Request.
  Time since last request: 0.930055 seconds.
  path: Assets/Scenes/SampleScene.unity
  artifactKey: Guid(9fc0d4010bbf28b4594072e72b8655ab) Importer(815301076,1909f56bfc062723c751e8b465ee728b)
Start importing Assets/Scenes/SampleScene.unity using Guid(9fc0d4010bbf28b4594072e72b8655ab) Importer(815301076,1909f56bfc062723c751e8b465ee728b)  -> (artifact id: '1536af128959bffeb9c52488e5ec55e9') in 0.007867 seconds 
  Import took 0.010977 seconds .

========================================================================
Received Import Request.
  Time since last request: 53.387014 seconds.
  path: Assets/MobileDepthWater/Materials/Water/Water 1.mat
  artifactKey: Guid(bc26073811ba7e44d9cf853a4f7a7efb) Importer(815301076,1909f56bfc062723c751e8b465ee728b)
Start importing Assets/MobileDepthWater/Materials/Water/Water 1.mat using Guid(bc26073811ba7e44d9cf853a4f7a7efb) Importer(815301076,1909f56bfc062723c751e8b465ee728b)  -> (artifact id: 'ec7222691da35abeac9d77c2342a3822') in 0.034447 seconds 
  Import took 0.037369 seconds .

========================================================================
Received Import Request.
  Time since last request: 157.851974 seconds.
  path: Assets/MobileDepthWater/Textures
  artifactKey: Guid(d46e2ddda360d204d9a0b4a6d61807c3) Importer(815301076,1909f56bfc062723c751e8b465ee728b)
Start importing Assets/MobileDepthWater/Textures using Guid(d46e2ddda360d204d9a0b4a6d61807c3) Importer(815301076,1909f56bfc062723c751e8b465ee728b)  -> (artifact id: '1f7992e70b1a8b3a59dfc43f8e10e719') in 0.004797 seconds 
  Import took 0.007834 seconds .

========================================================================
Received Import Request.
  Time since last request: 0.092115 seconds.
  path: Assets/MobileDepthWater/Textures/ToonWater.psd
  artifactKey: Guid(b3b93417e764a48438369dfd5de14b56) Importer(815301076,1909f56bfc062723c751e8b465ee728b)
Start importing Assets/MobileDepthWater/Textures/ToonWater.psd using Guid(b3b93417e764a48438369dfd5de14b56) Importer(815301076,1909f56bfc062723c751e8b465ee728b)  -> (artifact id: '33a1c8bbeb27ad77a461a8450958e891') in 0.197127 seconds 
  Import took 0.201624 seconds .

========================================================================
Received Import Request.
  Time since last request: 0.000128 seconds.
  path: Assets/MobileDepthWater/Textures/WaterDistortion.psd
  artifactKey: Guid(f6acd684980920849a180e1c541fb199) Importer(815301076,1909f56bfc062723c751e8b465ee728b)
Start importing Assets/MobileDepthWater/Textures/WaterDistortion.psd using Guid(f6acd684980920849a180e1c541fb199) Importer(815301076,1909f56bfc062723c751e8b465ee728b)  -> (artifact id: '6bc281c985f7e12ca14bafbf7b831c0d') in 0.081142 seconds 
  Import took 0.083566 seconds .

========================================================================
Received Import Request.
  Time since last request: 0.000128 seconds.
  path: Assets/MobileDepthWater/Textures/TreeColor.psd
  artifactKey: Guid(7fcf40529df2320439b16b2e2037f499) Importer(815301076,1909f56bfc062723c751e8b465ee728b)
Start importing Assets/MobileDepthWater/Textures/TreeColor.psd using Guid(7fcf40529df2320439b16b2e2037f499) Importer(815301076,1909f56bfc062723c751e8b465ee728b)  -> (artifact id: '47ab9dd8d4a262bfa6bc35ba8c227aed') in 0.007316 seconds 
  Import took 0.010029 seconds .

========================================================================
Received Import Request.
  Time since last request: 0.000166 seconds.
  path: Assets/MobileDepthWater/Textures/Water.psd
  artifactKey: Guid(92b12dd963505404f9025476f49cb3c9) Importer(815301076,1909f56bfc062723c751e8b465ee728b)
Start importing Assets/MobileDepthWater/Textures/Water.psd using Guid(92b12dd963505404f9025476f49cb3c9) Importer(815301076,1909f56bfc062723c751e8b465ee728b)  -> (artifact id: 'a83fb3c779b567cf9647c27e39894d76') in 0.015864 seconds 
  Import took 0.018904 seconds .

AssetImportWorkerClient::OnTransportError - code=2 error=End of file
