Using pre-set license
Built from '2020.3/staging' branch; Version is '2020.3.22f1 (e1a7f79fd887) revision 14788599'; Using compiler version '192528614'; Build Type 'Release'
OS: 'Windows 10 Pro; OS build 22000.739; Version 2009; 64bit' Language: 'ru' Physical Memory: 16202 MB
BatchMode: 1, IsHumanControllingUs: 0, StartBugReporterOnCrash: 0, Is64bit: 1, IsPro: 0

COMMAND LINE ARGUMENTS:
C:\Program Files\Unity\Hub\Editor\2020.3.22f1\Editor\Unity.exe
-adb2
-batchMode
-noUpm
-name
AssetImportWorker0
-projectPath
C:/Users/Vadya/Documents/procedural shooter
-logFile
Logs/AssetImportWorker0.log
-srvPort
55553
Successfully changed project path to: C:/Users/Vadya/Documents/procedural shooter
C:/Users/Vadya/Documents/procedural shooter
Using Asset Import Pipeline V2.
Refreshing native plugins compatible for Editor in 27.29 ms, found 2 plugins.
Preloading 0 native plugins for Editor in 0.00 ms.
Initialize engine version: 2020.3.22f1 (e1a7f79fd887)
[Subsystems] Discovering subsystems at path C:/Program Files/Unity/Hub/Editor/2020.3.22f1/Editor/Data/Resources/UnitySubsystems
[Subsystems] Discovering subsystems at path C:/Users/Vadya/Documents/procedural shooter/Assets
GfxDevice: creating device client; threaded=0
Direct3D:
    Version:  Direct3D 11.0 [level 11.1]
    Renderer: NVIDIA GeForce RTX 3050 Laptop GPU (ID=0x25a2)
    Vendor:   
    VRAM:     3991 MB
    Driver:   31.0.15.1659
Initialize mono
Mono path[0] = 'C:/Program Files/Unity/Hub/Editor/2020.3.22f1/Editor/Data/Managed'
Mono path[1] = 'C:/Program Files/Unity/Hub/Editor/2020.3.22f1/Editor/Data/MonoBleedingEdge/lib/mono/unityjit'
Mono config path = 'C:/Program Files/Unity/Hub/Editor/2020.3.22f1/Editor/Data/MonoBleedingEdge/etc'
Using monoOptions --debugger-agent=transport=dt_socket,embedding=1,server=y,suspend=n,address=127.0.0.1:56384
Begin MonoManager ReloadAssembly
Registering precompiled unity dll's ...
Register platform support module: C:/Program Files/Unity/Hub/Editor/2020.3.22f1/Editor/Data/PlaybackEngines/WindowsStandaloneSupport/UnityEditor.WindowsStandalone.Extensions.dll
Registered in 0.000937 seconds.
Native extension for WindowsStandalone target not found
Refreshing native plugins compatible for Editor in 27.23 ms, found 2 plugins.
Preloading 0 native plugins for Editor in 0.00 ms.
Mono: successfully reloaded assembly
- Completed reload, in  1.594 seconds
Domain Reload Profiling:
	ReloadAssembly (1594ms)
		BeginReloadAssembly (45ms)
			ExecutionOrderSort (0ms)
			DisableScriptedObjects (0ms)
			BackupInstance (0ms)
			ReleaseScriptingObjects (0ms)
			CreateAndSetChildDomain (1ms)
		EndReloadAssembly (363ms)
			LoadAssemblies (44ms)
			RebuildTransferFunctionScriptingTraits (0ms)
			SetupTypeCache (125ms)
			ReleaseScriptCaches (0ms)
			RebuildScriptCaches (29ms)
			SetupLoadedEditorAssemblies (136ms)
				LogAssemblyErrors (0ms)
				InitializePlatformSupportModulesInManaged (3ms)
				SetLoadedEditorAssemblies (0ms)
				RefreshPlugins (27ms)
				BeforeProcessingInitializeOnLoad (10ms)
				ProcessInitializeOnLoadAttributes (71ms)
				ProcessInitializeOnLoadMethodAttributes (23ms)
				AfterProcessingInitializeOnLoad (0ms)
				EditorAssembliesLoaded (0ms)
			ExecutionOrderSort2 (0ms)
			AwakeInstancesAfterBackupRestoration (0ms)
Platform modules already initialized, skipping
Registering precompiled user dll's ...
Registered in 0.002638 seconds.
Begin MonoManager ReloadAssembly
Native extension for WindowsStandalone target not found
Refreshing native plugins compatible for Editor in 0.35 ms, found 2 plugins.
Preloading 0 native plugins for Editor in 0.00 ms.
Mono: successfully reloaded assembly
- Completed reload, in  0.883 seconds
Domain Reload Profiling:
	ReloadAssembly (883ms)
		BeginReloadAssembly (122ms)
			ExecutionOrderSort (0ms)
			DisableScriptedObjects (4ms)
			BackupInstance (0ms)
			ReleaseScriptingObjects (0ms)
			CreateAndSetChildDomain (16ms)
		EndReloadAssembly (711ms)
			LoadAssemblies (69ms)
			RebuildTransferFunctionScriptingTraits (0ms)
			SetupTypeCache (233ms)
			ReleaseScriptCaches (0ms)
			RebuildScriptCaches (49ms)
			SetupLoadedEditorAssemblies (281ms)
				LogAssemblyErrors (0ms)
				InitializePlatformSupportModulesInManaged (5ms)
				SetLoadedEditorAssemblies (0ms)
				RefreshPlugins (0ms)
				BeforeProcessingInitializeOnLoad (72ms)
				ProcessInitializeOnLoadAttributes (192ms)
				ProcessInitializeOnLoadMethodAttributes (8ms)
				AfterProcessingInitializeOnLoad (3ms)
				EditorAssembliesLoaded (0ms)
			ExecutionOrderSort2 (0ms)
			AwakeInstancesAfterBackupRestoration (6ms)
Platform modules already initialized, skipping
========================================================================
Worker process is ready to serve import requests
Launched and connected shader compiler UnityShaderCompiler.exe after 0.02 seconds
Refreshing native plugins compatible for Editor in 0.34 ms, found 2 plugins.
Preloading 0 native plugins for Editor in 0.00 ms.
Unloading 1677 Unused Serialized files (Serialized files now loaded: 0)
System memory in use before: 74.2 MB.
System memory in use after: 74.3 MB.

Unloading 20 unused Assets to reduce memory usage. Loaded Objects now: 2109.
Total: 2.456200 ms (FindLiveObjects: 0.146600 ms CreateObjectMapping: 0.057100 ms MarkObjects: 2.203300 ms  DeleteObjects: 0.048300 ms)

AssetImportParameters requested are different than current active one (requested -> active):
  custom:framework-win-MediaFoundation: 216162199b28c13a410421893ffa2e32 -> 
  custom:video-decoder-ogg-theora: a1e56fd34408186e4bbccfd4996cb3dc -> 
  custom:container-muxer-webm: aa71ff27fc2769a1b78a27578f13a17b -> 
  custom:container-demuxer-webm: 4f35f7cbe854078d1ac9338744f61a02 -> 
  custom:container-demuxer-ogg: 62fdf1f143b41e24485cea50d1cbac27 -> 
  custom:video-encoder-webm-vp8: eb34c28f22e8b96e1ab97ce403110664 -> 
  custom:video-codec-MediaFoundation-h265: 746d11721c4dcdbdad8f713fa42b33f4 -> 
  custom:video-decoder-webm-vp8: 9c59270c3fd7afecdb556c50c9e8de78 -> 
  custom:audio-decoder-ogg-vorbis: bf7c407c2cedff20999df2af8eb42d56 -> 
  custom:audio-encoder-webm-vorbis: bf7c407c2cedff20999df2af8eb42d56 -> 
========================================================================
Received Import Request.
  path: Assets/Prefabs/Plane.prefab
  artifactKey: Guid(9613f937e86536c47b89f4ce19ce7914) Importer(815301076,1909f56bfc062723c751e8b465ee728b)
Start importing Assets/Prefabs/Plane.prefab using Guid(9613f937e86536c47b89f4ce19ce7914) Importer(815301076,1909f56bfc062723c751e8b465ee728b)  -> (artifact id: '2e6a12c3780bf02ce924217d0836ba57') in 0.082823 seconds 
  Import took 0.085182 seconds .

========================================================================
Received Import Request.
  Time since last request: 2.594729 seconds.
  path: Assets/Prefabs/Plane.prefab
  artifactKey: Guid(9613f937e86536c47b89f4ce19ce7914) Importer(815301076,1909f56bfc062723c751e8b465ee728b)
Start importing Assets/Prefabs/Plane.prefab using Guid(9613f937e86536c47b89f4ce19ce7914) Importer(815301076,1909f56bfc062723c751e8b465ee728b)  -> (artifact id: 'cc5991b634f3062629709ef5856962d4') in 0.007880 seconds 
  Import took 0.010613 seconds .

========================================================================
Received Import Request.
  Time since last request: 4.422497 seconds.
  path: Assets/Prefabs/Plane.prefab
  artifactKey: Guid(9613f937e86536c47b89f4ce19ce7914) Importer(815301076,1909f56bfc062723c751e8b465ee728b)
Start importing Assets/Prefabs/Plane.prefab using Guid(9613f937e86536c47b89f4ce19ce7914) Importer(815301076,1909f56bfc062723c751e8b465ee728b)  -> (artifact id: '7c9e95b1e8f0e06ec77bd39c98def59e') in 0.009245 seconds 
  Import took 0.011822 seconds .

========================================================================
Received Import Request.
  Time since last request: 4.012210 seconds.
  path: Assets/Prefabs/Plane.prefab
  artifactKey: Guid(9613f937e86536c47b89f4ce19ce7914) Importer(815301076,1909f56bfc062723c751e8b465ee728b)
Start importing Assets/Prefabs/Plane.prefab using Guid(9613f937e86536c47b89f4ce19ce7914) Importer(815301076,1909f56bfc062723c751e8b465ee728b)  -> (artifact id: '3a4ffbabd7f4ccfe4fa61c8f7587f221') in 0.007619 seconds 
  Import took 0.010649 seconds .

========================================================================
Received Import Request.
  Time since last request: 11.219597 seconds.
  path: Assets/Prefabs/Plane.prefab
  artifactKey: Guid(9613f937e86536c47b89f4ce19ce7914) Importer(815301076,1909f56bfc062723c751e8b465ee728b)
Start importing Assets/Prefabs/Plane.prefab using Guid(9613f937e86536c47b89f4ce19ce7914) Importer(815301076,1909f56bfc062723c751e8b465ee728b)  -> (artifact id: '44663f03ba0c07aea63ca3c2c7ea1a7a') in 0.007717 seconds 
  Import took 0.010511 seconds .

========================================================================
Received Import Request.
  Time since last request: 5.423864 seconds.
  path: Assets/Prefabs/Plane.prefab
  artifactKey: Guid(9613f937e86536c47b89f4ce19ce7914) Importer(815301076,1909f56bfc062723c751e8b465ee728b)
Start importing Assets/Prefabs/Plane.prefab using Guid(9613f937e86536c47b89f4ce19ce7914) Importer(815301076,1909f56bfc062723c751e8b465ee728b)  -> (artifact id: '0d309b56a94c08c27c5e95556bea854d') in 0.007058 seconds 
  Import took 0.010295 seconds .

========================================================================
Received Import Request.
  Time since last request: 5.794784 seconds.
  path: Assets/Prefabs/Plane.prefab
  artifactKey: Guid(9613f937e86536c47b89f4ce19ce7914) Importer(815301076,1909f56bfc062723c751e8b465ee728b)
Start importing Assets/Prefabs/Plane.prefab using Guid(9613f937e86536c47b89f4ce19ce7914) Importer(815301076,1909f56bfc062723c751e8b465ee728b)  -> (artifact id: 'aab5ac267164cfdc55eb82744bb1f540') in 0.009253 seconds 
  Import took 0.012056 seconds .

========================================================================
Received Import Request.
  Time since last request: 6.439704 seconds.
  path: Assets/Prefabs/Plane.prefab
  artifactKey: Guid(9613f937e86536c47b89f4ce19ce7914) Importer(815301076,1909f56bfc062723c751e8b465ee728b)
Start importing Assets/Prefabs/Plane.prefab using Guid(9613f937e86536c47b89f4ce19ce7914) Importer(815301076,1909f56bfc062723c751e8b465ee728b)  -> (artifact id: '91db3387fbba901df7d32206e54f78f1') in 0.008031 seconds 
  Import took 0.010609 seconds .

========================================================================
Received Import Request.
  Time since last request: 5.828253 seconds.
  path: Assets/Prefabs/Plane.prefab
  artifactKey: Guid(9613f937e86536c47b89f4ce19ce7914) Importer(815301076,1909f56bfc062723c751e8b465ee728b)
Start importing Assets/Prefabs/Plane.prefab using Guid(9613f937e86536c47b89f4ce19ce7914) Importer(815301076,1909f56bfc062723c751e8b465ee728b)  -> (artifact id: 'ee5c80b59175af5431935b5a51997f04') in 0.007056 seconds 
  Import took 0.009631 seconds .

========================================================================
Received Import Request.
  Time since last request: 12.532961 seconds.
  path: Assets/Prefabs/Plane.prefab
  artifactKey: Guid(9613f937e86536c47b89f4ce19ce7914) Importer(815301076,1909f56bfc062723c751e8b465ee728b)
Start importing Assets/Prefabs/Plane.prefab using Guid(9613f937e86536c47b89f4ce19ce7914) Importer(815301076,1909f56bfc062723c751e8b465ee728b)  -> (artifact id: '86d5e943b41968599202ba9c2a728d1e') in 0.010035 seconds 
  Import took 0.012770 seconds .

========================================================================
Received Import Request.
  Time since last request: 4.841792 seconds.
  path: Assets/Prefabs/Plane.prefab
  artifactKey: Guid(9613f937e86536c47b89f4ce19ce7914) Importer(815301076,1909f56bfc062723c751e8b465ee728b)
Start importing Assets/Prefabs/Plane.prefab using Guid(9613f937e86536c47b89f4ce19ce7914) Importer(815301076,1909f56bfc062723c751e8b465ee728b)  -> (artifact id: 'd53f1e0fad4bb47fdc744120f163364d') in 0.007161 seconds 
  Import took 0.010156 seconds .

========================================================================
Received Import Request.
  Time since last request: 5.229075 seconds.
  path: Assets/Prefabs/Plane.prefab
  artifactKey: Guid(9613f937e86536c47b89f4ce19ce7914) Importer(815301076,1909f56bfc062723c751e8b465ee728b)
Start importing Assets/Prefabs/Plane.prefab using Guid(9613f937e86536c47b89f4ce19ce7914) Importer(815301076,1909f56bfc062723c751e8b465ee728b)  -> (artifact id: 'b09f95dcf6691b4aecbd124fe7d8a9ea') in 0.007864 seconds 
  Import took 0.010785 seconds .

========================================================================
Received Import Request.
  Time since last request: 1.608688 seconds.
  path: Assets/Prefabs/Plane.prefab
  artifactKey: Guid(9613f937e86536c47b89f4ce19ce7914) Importer(815301076,1909f56bfc062723c751e8b465ee728b)
Start importing Assets/Prefabs/Plane.prefab using Guid(9613f937e86536c47b89f4ce19ce7914) Importer(815301076,1909f56bfc062723c751e8b465ee728b)  -> (artifact id: 'c052b0c9483e058bcfb13eb90e97cbca') in 0.011111 seconds 
  Import took 0.013910 seconds .

========================================================================
Received Import Request.
  Time since last request: 2.807013 seconds.
  path: Assets/Prefabs/Plane.prefab
  artifactKey: Guid(9613f937e86536c47b89f4ce19ce7914) Importer(815301076,1909f56bfc062723c751e8b465ee728b)
Start importing Assets/Prefabs/Plane.prefab using Guid(9613f937e86536c47b89f4ce19ce7914) Importer(815301076,1909f56bfc062723c751e8b465ee728b)  -> (artifact id: '69ef132d22620c00f0981fb8b83554fd') in 0.007485 seconds 
  Import took 0.010575 seconds .

========================================================================
Received Import Request.
  Time since last request: 4.035176 seconds.
  path: Assets/Prefabs/Plane.prefab
  artifactKey: Guid(9613f937e86536c47b89f4ce19ce7914) Importer(815301076,1909f56bfc062723c751e8b465ee728b)
Start importing Assets/Prefabs/Plane.prefab using Guid(9613f937e86536c47b89f4ce19ce7914) Importer(815301076,1909f56bfc062723c751e8b465ee728b)  -> (artifact id: '9976841d26f33646c5920bbd4f50cf04') in 0.006825 seconds 
  Import took 0.009720 seconds .

========================================================================
Received Import Request.
  Time since last request: 2.620939 seconds.
  path: Assets/Prefabs/Plane.prefab
  artifactKey: Guid(9613f937e86536c47b89f4ce19ce7914) Importer(815301076,1909f56bfc062723c751e8b465ee728b)
Start importing Assets/Prefabs/Plane.prefab using Guid(9613f937e86536c47b89f4ce19ce7914) Importer(815301076,1909f56bfc062723c751e8b465ee728b)  -> (artifact id: '7480f7502946ef2dbceeb8127c67e2f9') in 0.009724 seconds 
  Import took 0.012563 seconds .

========================================================================
Received Import Request.
  Time since last request: 3.016885 seconds.
  path: Assets/Prefabs/Plane.prefab
  artifactKey: Guid(9613f937e86536c47b89f4ce19ce7914) Importer(815301076,1909f56bfc062723c751e8b465ee728b)
Start importing Assets/Prefabs/Plane.prefab using Guid(9613f937e86536c47b89f4ce19ce7914) Importer(815301076,1909f56bfc062723c751e8b465ee728b)  -> (artifact id: '6143e4afab97c1fdcbd058015e9d8266') in 0.009685 seconds 
  Import took 0.012482 seconds .

========================================================================
Received Import Request.
  Time since last request: 4.828451 seconds.
  path: Assets/Prefabs/Plane.prefab
  artifactKey: Guid(9613f937e86536c47b89f4ce19ce7914) Importer(815301076,1909f56bfc062723c751e8b465ee728b)
Start importing Assets/Prefabs/Plane.prefab using Guid(9613f937e86536c47b89f4ce19ce7914) Importer(815301076,1909f56bfc062723c751e8b465ee728b)  -> (artifact id: '13ac4e1a9f11ff7507cd1f359bb86bec') in 0.009488 seconds 
  Import took 0.012566 seconds .

========================================================================
Received Import Request.
  Time since last request: 2.410799 seconds.
  path: Assets/Prefabs/Plane.prefab
  artifactKey: Guid(9613f937e86536c47b89f4ce19ce7914) Importer(815301076,1909f56bfc062723c751e8b465ee728b)
Start importing Assets/Prefabs/Plane.prefab using Guid(9613f937e86536c47b89f4ce19ce7914) Importer(815301076,1909f56bfc062723c751e8b465ee728b)  -> (artifact id: '9e6925c7e316643837d66fa02d3be6ec') in 0.010276 seconds 
  Import took 0.013246 seconds .

========================================================================
Received Import Request.
  Time since last request: 3.206420 seconds.
  path: Assets/Prefabs/Plane.prefab
  artifactKey: Guid(9613f937e86536c47b89f4ce19ce7914) Importer(815301076,1909f56bfc062723c751e8b465ee728b)
Start importing Assets/Prefabs/Plane.prefab using Guid(9613f937e86536c47b89f4ce19ce7914) Importer(815301076,1909f56bfc062723c751e8b465ee728b)  -> (artifact id: '30b601aa11151b4c834723d085963cd4') in 0.009456 seconds 
  Import took 0.012431 seconds .

========================================================================
Received Import Request.
  Time since last request: 7.461082 seconds.
  path: Assets/Prefabs/Plane.prefab
  artifactKey: Guid(9613f937e86536c47b89f4ce19ce7914) Importer(815301076,1909f56bfc062723c751e8b465ee728b)
Start importing Assets/Prefabs/Plane.prefab using Guid(9613f937e86536c47b89f4ce19ce7914) Importer(815301076,1909f56bfc062723c751e8b465ee728b)  -> (artifact id: '390fba077a88ed64bd59a776320cb02a') in 0.009446 seconds 
  Import took 0.013163 seconds .

========================================================================
Received Import Request.
  Time since last request: 5.004023 seconds.
  path: Assets/Materials/Colt 1 Mat.mat
  artifactKey: Guid(9eff8b685d1c10a4d81ca8d95a460241) Importer(815301076,1909f56bfc062723c751e8b465ee728b)
Start importing Assets/Materials/Colt 1 Mat.mat using Guid(9eff8b685d1c10a4d81ca8d95a460241) Importer(815301076,1909f56bfc062723c751e8b465ee728b)  -> (artifact id: '7b8e51787b57ed6225f0dc54b1d1af40') in 0.023512 seconds 
  Import took 0.026058 seconds .

========================================================================
Received Import Request.
  Time since last request: 0.000182 seconds.
  path: Assets/Materials/Colt 2 Mat 1.mat
  artifactKey: Guid(65de626ff62c4e149ab7e34ef9fdc80f) Importer(815301076,1909f56bfc062723c751e8b465ee728b)
Start importing Assets/Materials/Colt 2 Mat 1.mat using Guid(65de626ff62c4e149ab7e34ef9fdc80f) Importer(815301076,1909f56bfc062723c751e8b465ee728b)  -> (artifact id: 'e66a227046175e8b6b3c1c27cdf4079c') in 0.008386 seconds 
  Import took 0.010800 seconds .

========================================================================
Received Prepare
Registering precompiled user dll's ...
Registered in 0.002639 seconds.
Begin MonoManager ReloadAssembly
Native extension for WindowsStandalone target not found
Refreshing native plugins compatible for Editor in 0.36 ms, found 2 plugins.
Preloading 0 native plugins for Editor in 0.00 ms.
Mono: successfully reloaded assembly
- Completed reload, in  0.888 seconds
Domain Reload Profiling:
	ReloadAssembly (888ms)
		BeginReloadAssembly (102ms)
			ExecutionOrderSort (0ms)
			DisableScriptedObjects (4ms)
			BackupInstance (0ms)
			ReleaseScriptingObjects (0ms)
			CreateAndSetChildDomain (31ms)
		EndReloadAssembly (736ms)
			LoadAssemblies (70ms)
			RebuildTransferFunctionScriptingTraits (0ms)
			SetupTypeCache (248ms)
			ReleaseScriptCaches (1ms)
			RebuildScriptCaches (43ms)
			SetupLoadedEditorAssemblies (283ms)
				LogAssemblyErrors (0ms)
				InitializePlatformSupportModulesInManaged (5ms)
				SetLoadedEditorAssemblies (0ms)
				RefreshPlugins (0ms)
				BeforeProcessingInitializeOnLoad (77ms)
				ProcessInitializeOnLoadAttributes (188ms)
				ProcessInitializeOnLoadMethodAttributes (8ms)
				AfterProcessingInitializeOnLoad (4ms)
				EditorAssembliesLoaded (1ms)
			ExecutionOrderSort2 (0ms)
			AwakeInstancesAfterBackupRestoration (6ms)
Platform modules already initialized, skipping
Refreshing native plugins compatible for Editor in 0.34 ms, found 2 plugins.
Preloading 0 native plugins for Editor in 0.00 ms.
Unloading 1669 Unused Serialized files (Serialized files now loaded: 0)
System memory in use before: 77.4 MB.
System memory in use after: 77.5 MB.

Unloading 16 unused Assets to reduce memory usage. Loaded Objects now: 2153.
Total: 2.448800 ms (FindLiveObjects: 0.145800 ms CreateObjectMapping: 0.051800 ms MarkObjects: 2.233300 ms  DeleteObjects: 0.017300 ms)

AssetImportParameters requested are different than current active one (requested -> active):
  custom:framework-win-MediaFoundation: 216162199b28c13a410421893ffa2e32 -> 
  custom:video-decoder-ogg-theora: a1e56fd34408186e4bbccfd4996cb3dc -> 
  custom:container-muxer-webm: aa71ff27fc2769a1b78a27578f13a17b -> 
  custom:container-demuxer-webm: 4f35f7cbe854078d1ac9338744f61a02 -> 
  custom:container-demuxer-ogg: 62fdf1f143b41e24485cea50d1cbac27 -> 
  custom:video-encoder-webm-vp8: eb34c28f22e8b96e1ab97ce403110664 -> 
  custom:video-codec-MediaFoundation-h265: 746d11721c4dcdbdad8f713fa42b33f4 -> 
  custom:video-decoder-webm-vp8: 9c59270c3fd7afecdb556c50c9e8de78 -> 
  custom:audio-decoder-ogg-vorbis: bf7c407c2cedff20999df2af8eb42d56 -> 
  custom:audio-encoder-webm-vorbis: bf7c407c2cedff20999df2af8eb42d56 -> 
========================================================================
Received Prepare
Registering precompiled user dll's ...
Registered in 0.002535 seconds.
Begin MonoManager ReloadAssembly
Native extension for WindowsStandalone target not found
Refreshing native plugins compatible for Editor in 0.34 ms, found 2 plugins.
Preloading 0 native plugins for Editor in 0.00 ms.
Mono: successfully reloaded assembly
- Completed reload, in  0.891 seconds
Domain Reload Profiling:
	ReloadAssembly (892ms)
		BeginReloadAssembly (102ms)
			ExecutionOrderSort (0ms)
			DisableScriptedObjects (4ms)
			BackupInstance (0ms)
			ReleaseScriptingObjects (0ms)
			CreateAndSetChildDomain (30ms)
		EndReloadAssembly (734ms)
			LoadAssemblies (68ms)
			RebuildTransferFunctionScriptingTraits (0ms)
			SetupTypeCache (249ms)
			ReleaseScriptCaches (1ms)
			RebuildScriptCaches (44ms)
			SetupLoadedEditorAssemblies (288ms)
				LogAssemblyErrors (0ms)
				InitializePlatformSupportModulesInManaged (5ms)
				SetLoadedEditorAssemblies (0ms)
				RefreshPlugins (0ms)
				BeforeProcessingInitializeOnLoad (74ms)
				ProcessInitializeOnLoadAttributes (197ms)
				ProcessInitializeOnLoadMethodAttributes (8ms)
				AfterProcessingInitializeOnLoad (3ms)
				EditorAssembliesLoaded (0ms)
			ExecutionOrderSort2 (0ms)
			AwakeInstancesAfterBackupRestoration (6ms)
Platform modules already initialized, skipping
Refreshing native plugins compatible for Editor in 0.34 ms, found 2 plugins.
Preloading 0 native plugins for Editor in 0.00 ms.
Unloading 1669 Unused Serialized files (Serialized files now loaded: 0)
System memory in use before: 77.4 MB.
System memory in use after: 77.5 MB.

Unloading 15 unused Assets to reduce memory usage. Loaded Objects now: 2155.
Total: 2.474600 ms (FindLiveObjects: 0.133600 ms CreateObjectMapping: 0.044300 ms MarkObjects: 2.280600 ms  DeleteObjects: 0.015100 ms)

AssetImportParameters requested are different than current active one (requested -> active):
  custom:framework-win-MediaFoundation: 216162199b28c13a410421893ffa2e32 -> 
  custom:video-decoder-ogg-theora: a1e56fd34408186e4bbccfd4996cb3dc -> 
  custom:container-muxer-webm: aa71ff27fc2769a1b78a27578f13a17b -> 
  custom:container-demuxer-webm: 4f35f7cbe854078d1ac9338744f61a02 -> 
  custom:container-demuxer-ogg: 62fdf1f143b41e24485cea50d1cbac27 -> 
  custom:video-encoder-webm-vp8: eb34c28f22e8b96e1ab97ce403110664 -> 
  custom:video-codec-MediaFoundation-h265: 746d11721c4dcdbdad8f713fa42b33f4 -> 
  custom:video-decoder-webm-vp8: 9c59270c3fd7afecdb556c50c9e8de78 -> 
  custom:audio-decoder-ogg-vorbis: bf7c407c2cedff20999df2af8eb42d56 -> 
  custom:audio-encoder-webm-vorbis: bf7c407c2cedff20999df2af8eb42d56 -> 
========================================================================
Received Prepare
Registering precompiled user dll's ...
Registered in 0.002528 seconds.
Begin MonoManager ReloadAssembly
Native extension for WindowsStandalone target not found
Refreshing native plugins compatible for Editor in 0.34 ms, found 2 plugins.
Preloading 0 native plugins for Editor in 0.00 ms.
Mono: successfully reloaded assembly
- Completed reload, in  0.858 seconds
Domain Reload Profiling:
	ReloadAssembly (858ms)
		BeginReloadAssembly (93ms)
			ExecutionOrderSort (0ms)
			DisableScriptedObjects (4ms)
			BackupInstance (0ms)
			ReleaseScriptingObjects (0ms)
			CreateAndSetChildDomain (28ms)
		EndReloadAssembly (715ms)
			LoadAssemblies (70ms)
			RebuildTransferFunctionScriptingTraits (0ms)
			SetupTypeCache (254ms)
			ReleaseScriptCaches (1ms)
			RebuildScriptCaches (46ms)
			SetupLoadedEditorAssemblies (261ms)
				LogAssemblyErrors (0ms)
				InitializePlatformSupportModulesInManaged (5ms)
				SetLoadedEditorAssemblies (0ms)
				RefreshPlugins (0ms)
				BeforeProcessingInitializeOnLoad (70ms)
				ProcessInitializeOnLoadAttributes (174ms)
				ProcessInitializeOnLoadMethodAttributes (7ms)
				AfterProcessingInitializeOnLoad (3ms)
				EditorAssembliesLoaded (0ms)
			ExecutionOrderSort2 (0ms)
			AwakeInstancesAfterBackupRestoration (6ms)
Platform modules already initialized, skipping
Refreshing native plugins compatible for Editor in 0.33 ms, found 2 plugins.
Preloading 0 native plugins for Editor in 0.00 ms.
Unloading 1669 Unused Serialized files (Serialized files now loaded: 0)
System memory in use before: 77.4 MB.
System memory in use after: 77.5 MB.

Unloading 15 unused Assets to reduce memory usage. Loaded Objects now: 2157.
Total: 2.519900 ms (FindLiveObjects: 0.151500 ms CreateObjectMapping: 0.053600 ms MarkObjects: 2.301000 ms  DeleteObjects: 0.013000 ms)

AssetImportParameters requested are different than current active one (requested -> active):
  custom:framework-win-MediaFoundation: 216162199b28c13a410421893ffa2e32 -> 
  custom:video-decoder-ogg-theora: a1e56fd34408186e4bbccfd4996cb3dc -> 
  custom:container-muxer-webm: aa71ff27fc2769a1b78a27578f13a17b -> 
  custom:container-demuxer-webm: 4f35f7cbe854078d1ac9338744f61a02 -> 
  custom:container-demuxer-ogg: 62fdf1f143b41e24485cea50d1cbac27 -> 
  custom:video-encoder-webm-vp8: eb34c28f22e8b96e1ab97ce403110664 -> 
  custom:video-codec-MediaFoundation-h265: 746d11721c4dcdbdad8f713fa42b33f4 -> 
  custom:video-decoder-webm-vp8: 9c59270c3fd7afecdb556c50c9e8de78 -> 
  custom:audio-decoder-ogg-vorbis: bf7c407c2cedff20999df2af8eb42d56 -> 
  custom:audio-encoder-webm-vorbis: bf7c407c2cedff20999df2af8eb42d56 -> 
========================================================================
Received Prepare
Registering precompiled user dll's ...
Registered in 0.003712 seconds.
Begin MonoManager ReloadAssembly
Native extension for WindowsStandalone target not found
Refreshing native plugins compatible for Editor in 0.37 ms, found 2 plugins.
Preloading 0 native plugins for Editor in 0.00 ms.
Mono: successfully reloaded assembly
- Completed reload, in  0.891 seconds
Domain Reload Profiling:
	ReloadAssembly (892ms)
		BeginReloadAssembly (104ms)
			ExecutionOrderSort (0ms)
			DisableScriptedObjects (4ms)
			BackupInstance (0ms)
			ReleaseScriptingObjects (0ms)
			CreateAndSetChildDomain (33ms)
		EndReloadAssembly (735ms)
			LoadAssemblies (70ms)
			RebuildTransferFunctionScriptingTraits (0ms)
			SetupTypeCache (253ms)
			ReleaseScriptCaches (1ms)
			RebuildScriptCaches (52ms)
			SetupLoadedEditorAssemblies (266ms)
				LogAssemblyErrors (0ms)
				InitializePlatformSupportModulesInManaged (5ms)
				SetLoadedEditorAssemblies (0ms)
				RefreshPlugins (0ms)
				BeforeProcessingInitializeOnLoad (70ms)
				ProcessInitializeOnLoadAttributes (178ms)
				ProcessInitializeOnLoadMethodAttributes (8ms)
				AfterProcessingInitializeOnLoad (3ms)
				EditorAssembliesLoaded (0ms)
			ExecutionOrderSort2 (0ms)
			AwakeInstancesAfterBackupRestoration (6ms)
Platform modules already initialized, skipping
Refreshing native plugins compatible for Editor in 0.34 ms, found 2 plugins.
Preloading 0 native plugins for Editor in 0.00 ms.
Unloading 1669 Unused Serialized files (Serialized files now loaded: 0)
System memory in use before: 77.4 MB.
System memory in use after: 77.5 MB.

Unloading 15 unused Assets to reduce memory usage. Loaded Objects now: 2159.
Total: 2.545500 ms (FindLiveObjects: 0.150500 ms CreateObjectMapping: 0.048300 ms MarkObjects: 2.331400 ms  DeleteObjects: 0.014400 ms)

AssetImportParameters requested are different than current active one (requested -> active):
  custom:framework-win-MediaFoundation: 216162199b28c13a410421893ffa2e32 -> 
  custom:video-decoder-ogg-theora: a1e56fd34408186e4bbccfd4996cb3dc -> 
  custom:container-muxer-webm: aa71ff27fc2769a1b78a27578f13a17b -> 
  custom:container-demuxer-webm: 4f35f7cbe854078d1ac9338744f61a02 -> 
  custom:container-demuxer-ogg: 62fdf1f143b41e24485cea50d1cbac27 -> 
  custom:video-encoder-webm-vp8: eb34c28f22e8b96e1ab97ce403110664 -> 
  custom:video-codec-MediaFoundation-h265: 746d11721c4dcdbdad8f713fa42b33f4 -> 
  custom:video-decoder-webm-vp8: 9c59270c3fd7afecdb556c50c9e8de78 -> 
  custom:audio-decoder-ogg-vorbis: bf7c407c2cedff20999df2af8eb42d56 -> 
  custom:audio-encoder-webm-vorbis: bf7c407c2cedff20999df2af8eb42d56 -> 
========================================================================
Received Import Request.
  Time since last request: 630.927435 seconds.
  path: Assets/Prefabs/Plane.prefab
  artifactKey: Guid(9613f937e86536c47b89f4ce19ce7914) Importer(815301076,1909f56bfc062723c751e8b465ee728b)
Start importing Assets/Prefabs/Plane.prefab using Guid(9613f937e86536c47b89f4ce19ce7914) Importer(815301076,1909f56bfc062723c751e8b465ee728b)  -> (artifact id: '594e333a2f65486d3c3094b27028bd38') in 0.052624 seconds 
  Import took 0.055285 seconds .

========================================================================
Received Import Request.
  Time since last request: 14.970245 seconds.
  path: Assets/Prefabs/Plane.prefab
  artifactKey: Guid(9613f937e86536c47b89f4ce19ce7914) Importer(815301076,1909f56bfc062723c751e8b465ee728b)
Start importing Assets/Prefabs/Plane.prefab using Guid(9613f937e86536c47b89f4ce19ce7914) Importer(815301076,1909f56bfc062723c751e8b465ee728b)  -> (artifact id: 'b0959a5bb3098f4602ced519ec6eaf7f') in 0.008141 seconds 
  Import took 0.011106 seconds .

========================================================================
Received Import Request.
  Time since last request: 1.202979 seconds.
  path: Assets/Prefabs/Plane.prefab
  artifactKey: Guid(9613f937e86536c47b89f4ce19ce7914) Importer(815301076,1909f56bfc062723c751e8b465ee728b)
Start importing Assets/Prefabs/Plane.prefab using Guid(9613f937e86536c47b89f4ce19ce7914) Importer(815301076,1909f56bfc062723c751e8b465ee728b)  -> (artifact id: '85fe53923d782a2a9e33a2639cd187bb') in 0.008430 seconds 
  Import took 0.011398 seconds .

========================================================================
Received Import Request.
  Time since last request: 0.785636 seconds.
  path: Assets/Prefabs/Plane.prefab
  artifactKey: Guid(9613f937e86536c47b89f4ce19ce7914) Importer(815301076,1909f56bfc062723c751e8b465ee728b)
Start importing Assets/Prefabs/Plane.prefab using Guid(9613f937e86536c47b89f4ce19ce7914) Importer(815301076,1909f56bfc062723c751e8b465ee728b)  -> (artifact id: '0b32947521d4c22ddc05dfcb749c57ea') in 0.007857 seconds 
  Import took 0.010623 seconds .

========================================================================
Received Import Request.
  Time since last request: 0.793328 seconds.
  path: Assets/Prefabs/Plane.prefab
  artifactKey: Guid(9613f937e86536c47b89f4ce19ce7914) Importer(815301076,1909f56bfc062723c751e8b465ee728b)
Start importing Assets/Prefabs/Plane.prefab using Guid(9613f937e86536c47b89f4ce19ce7914) Importer(815301076,1909f56bfc062723c751e8b465ee728b)  -> (artifact id: 'ba3ba1720b686304ae67697f09c2a559') in 0.008077 seconds 
  Import took 0.010952 seconds .

========================================================================
Received Import Request.
  Time since last request: 0.797551 seconds.
  path: Assets/Prefabs/Plane.prefab
  artifactKey: Guid(9613f937e86536c47b89f4ce19ce7914) Importer(815301076,1909f56bfc062723c751e8b465ee728b)
Start importing Assets/Prefabs/Plane.prefab using Guid(9613f937e86536c47b89f4ce19ce7914) Importer(815301076,1909f56bfc062723c751e8b465ee728b)  -> (artifact id: '9d9bc8f0edd091f6e3272dff320c247f') in 0.008450 seconds 
  Import took 0.011166 seconds .

========================================================================
Received Import Request.
  Time since last request: 2.434799 seconds.
  path: Assets/Prefabs/Plane.prefab
  artifactKey: Guid(9613f937e86536c47b89f4ce19ce7914) Importer(815301076,1909f56bfc062723c751e8b465ee728b)
Start importing Assets/Prefabs/Plane.prefab using Guid(9613f937e86536c47b89f4ce19ce7914) Importer(815301076,1909f56bfc062723c751e8b465ee728b)  -> (artifact id: '0ede07a84cca77c6bc572b1c2ac7ab21') in 0.008838 seconds 
  Import took 0.011592 seconds .

========================================================================
Received Import Request.
  Time since last request: 2.250693 seconds.
  path: Assets/Prefabs/Plane.prefab
  artifactKey: Guid(9613f937e86536c47b89f4ce19ce7914) Importer(815301076,1909f56bfc062723c751e8b465ee728b)
Start importing Assets/Prefabs/Plane.prefab using Guid(9613f937e86536c47b89f4ce19ce7914) Importer(815301076,1909f56bfc062723c751e8b465ee728b)  -> (artifact id: '2b95f1da44e50617289ca9f3f40ec849') in 0.007625 seconds 
  Import took 0.011345 seconds .

========================================================================
Received Import Request.
  Time since last request: 2.819458 seconds.
  path: Assets/Prefabs/Plane.prefab
  artifactKey: Guid(9613f937e86536c47b89f4ce19ce7914) Importer(815301076,1909f56bfc062723c751e8b465ee728b)
Start importing Assets/Prefabs/Plane.prefab using Guid(9613f937e86536c47b89f4ce19ce7914) Importer(815301076,1909f56bfc062723c751e8b465ee728b)  -> (artifact id: '86ffba75cb4675210010e57eccd82e83') in 0.009257 seconds 
  Import took 0.012035 seconds .

========================================================================
Received Import Request.
  Time since last request: 2.423781 seconds.
  path: Assets/Prefabs/Plane.prefab
  artifactKey: Guid(9613f937e86536c47b89f4ce19ce7914) Importer(815301076,1909f56bfc062723c751e8b465ee728b)
Start importing Assets/Prefabs/Plane.prefab using Guid(9613f937e86536c47b89f4ce19ce7914) Importer(815301076,1909f56bfc062723c751e8b465ee728b)  -> (artifact id: '0a205c8e931c84d0f4188b849c069bd5') in 0.007902 seconds 
  Import took 0.010849 seconds .

========================================================================
Received Import Request.
  Time since last request: 2.542859 seconds.
  path: Assets/Prefabs/Plane.prefab
  artifactKey: Guid(9613f937e86536c47b89f4ce19ce7914) Importer(815301076,1909f56bfc062723c751e8b465ee728b)
Start importing Assets/Prefabs/Plane.prefab using Guid(9613f937e86536c47b89f4ce19ce7914) Importer(815301076,1909f56bfc062723c751e8b465ee728b)  -> (artifact id: '90de95e57da1fa1916c0a7c13274f342') in 0.007358 seconds 
  Import took 0.010331 seconds .

========================================================================
Received Import Request.
  Time since last request: 4.831393 seconds.
  path: Assets/Prefabs/Plane.prefab
  artifactKey: Guid(9613f937e86536c47b89f4ce19ce7914) Importer(815301076,1909f56bfc062723c751e8b465ee728b)
Start importing Assets/Prefabs/Plane.prefab using Guid(9613f937e86536c47b89f4ce19ce7914) Importer(815301076,1909f56bfc062723c751e8b465ee728b)  -> (artifact id: '9baeeaf56bda9d0e0ac6871a3fd8d51a') in 0.007624 seconds 
  Import took 0.010607 seconds .

========================================================================
Received Import Request.
  Time since last request: 1.399508 seconds.
  path: Assets/Prefabs/Plane.prefab
  artifactKey: Guid(9613f937e86536c47b89f4ce19ce7914) Importer(815301076,1909f56bfc062723c751e8b465ee728b)
Start importing Assets/Prefabs/Plane.prefab using Guid(9613f937e86536c47b89f4ce19ce7914) Importer(815301076,1909f56bfc062723c751e8b465ee728b)  -> (artifact id: 'b5fae4fa4464a7a662c5e194ca5dfbe7') in 0.007880 seconds 
  Import took 0.010958 seconds .

========================================================================
Received Import Request.
  Time since last request: 3.933627 seconds.
  path: Assets/Prefabs/Plane.prefab
  artifactKey: Guid(9613f937e86536c47b89f4ce19ce7914) Importer(815301076,1909f56bfc062723c751e8b465ee728b)
Start importing Assets/Prefabs/Plane.prefab using Guid(9613f937e86536c47b89f4ce19ce7914) Importer(815301076,1909f56bfc062723c751e8b465ee728b)  -> (artifact id: 'ee9ede9a9f8f082b870b0b0dc3dafdf7') in 0.007648 seconds 
  Import took 0.011429 seconds .

========================================================================
Received Import Request.
  Time since last request: 3.301559 seconds.
  path: Assets/Prefabs/Plane.prefab
  artifactKey: Guid(9613f937e86536c47b89f4ce19ce7914) Importer(815301076,1909f56bfc062723c751e8b465ee728b)
Start importing Assets/Prefabs/Plane.prefab using Guid(9613f937e86536c47b89f4ce19ce7914) Importer(815301076,1909f56bfc062723c751e8b465ee728b)  -> (artifact id: '63cc4d81aa3994307c0d05cd404509b2') in 0.007555 seconds 
  Import took 0.010711 seconds .

========================================================================
Received Import Request.
  Time since last request: 5.032230 seconds.
  path: Assets/Prefabs/Plane.prefab
  artifactKey: Guid(9613f937e86536c47b89f4ce19ce7914) Importer(815301076,1909f56bfc062723c751e8b465ee728b)
Start importing Assets/Prefabs/Plane.prefab using Guid(9613f937e86536c47b89f4ce19ce7914) Importer(815301076,1909f56bfc062723c751e8b465ee728b)  -> (artifact id: '1b456e507d2977bd63f5b0bde74c6b8e') in 0.010948 seconds 
  Import took 0.014146 seconds .

========================================================================
Received Import Request.
  Time since last request: 2.612204 seconds.
  path: Assets/Prefabs/Plane.prefab
  artifactKey: Guid(9613f937e86536c47b89f4ce19ce7914) Importer(815301076,1909f56bfc062723c751e8b465ee728b)
Start importing Assets/Prefabs/Plane.prefab using Guid(9613f937e86536c47b89f4ce19ce7914) Importer(815301076,1909f56bfc062723c751e8b465ee728b)  -> (artifact id: '8a2e5c9bcea4a4203ee7a90a0227abc4') in 0.007559 seconds 
  Import took 0.010361 seconds .

========================================================================
Received Import Request.
  Time since last request: 5.241105 seconds.
  path: Assets/Prefabs/Plane.prefab
  artifactKey: Guid(9613f937e86536c47b89f4ce19ce7914) Importer(815301076,1909f56bfc062723c751e8b465ee728b)
Start importing Assets/Prefabs/Plane.prefab using Guid(9613f937e86536c47b89f4ce19ce7914) Importer(815301076,1909f56bfc062723c751e8b465ee728b)  -> (artifact id: '70a418f2ee9ff180e4fb76984c52b071') in 0.010767 seconds 
  Import took 0.013559 seconds .

========================================================================
Received Import Request.
  Time since last request: 19.804274 seconds.
  path: Assets/Prefabs/Hp.prefab
  artifactKey: Guid(0e2f086dfc76a6b4a9e29a5ec604bdfe) Importer(815301076,1909f56bfc062723c751e8b465ee728b)
Start importing Assets/Prefabs/Hp.prefab using Guid(0e2f086dfc76a6b4a9e29a5ec604bdfe) Importer(815301076,1909f56bfc062723c751e8b465ee728b)  -> (artifact id: 'dc4fa9824b8f19ae63a5731329633657') in 0.008857 seconds 
  Import took 0.011383 seconds .

========================================================================
Received Import Request.
  Time since last request: 0.000206 seconds.
  path: Assets/Prefabs/Plane.prefab
  artifactKey: Guid(9613f937e86536c47b89f4ce19ce7914) Importer(815301076,1909f56bfc062723c751e8b465ee728b)
Start importing Assets/Prefabs/Plane.prefab using Guid(9613f937e86536c47b89f4ce19ce7914) Importer(815301076,1909f56bfc062723c751e8b465ee728b)  -> (artifact id: '12e339b114b4f3367813e670a06d43d7') in 0.007045 seconds 
  Import took 0.009541 seconds .

========================================================================
Received Import Request.
  Time since last request: 3.261271 seconds.
  path: Assets/Prefabs/Plane.prefab
  artifactKey: Guid(9613f937e86536c47b89f4ce19ce7914) Importer(815301076,1909f56bfc062723c751e8b465ee728b)
Start importing Assets/Prefabs/Plane.prefab using Guid(9613f937e86536c47b89f4ce19ce7914) Importer(815301076,1909f56bfc062723c751e8b465ee728b)  -> (artifact id: 'ff389147bae386cf9badbfeead486a94') in 0.007313 seconds 
  Import took 0.010202 seconds .

========================================================================
Received Import Request.
  Time since last request: 0.000112 seconds.
  path: Assets/Prefabs/Speed.prefab
  artifactKey: Guid(b6cd9db5525ab6f4788e62c6e73bfc02) Importer(815301076,1909f56bfc062723c751e8b465ee728b)
Start importing Assets/Prefabs/Speed.prefab using Guid(b6cd9db5525ab6f4788e62c6e73bfc02) Importer(815301076,1909f56bfc062723c751e8b465ee728b)  -> (artifact id: 'ddcd9f82b6b29d9a086e364498730a0a') in 0.009469 seconds 
  Import took 0.012411 seconds .

========================================================================
Received Import Request.
  Time since last request: 15.814120 seconds.
  path: Assets/Scripts/Bonus
  artifactKey: Guid(d575d64b2d9d7f6449be000cf90cb443) Importer(815301076,1909f56bfc062723c751e8b465ee728b)
Start importing Assets/Scripts/Bonus using Guid(d575d64b2d9d7f6449be000cf90cb443) Importer(815301076,1909f56bfc062723c751e8b465ee728b)  -> (artifact id: '068132056e8332ca1a2e6d013462688d') in 0.005476 seconds 
  Import took 0.008677 seconds .

========================================================================
Received Import Request.
  Time since last request: 16.094717 seconds.
  path: Assets/Scripts/Bonus/HpBonus.cs
  artifactKey: Guid(2cac6a6aec1e42148addda0a12048a97) Importer(815301076,1909f56bfc062723c751e8b465ee728b)
Start importing Assets/Scripts/Bonus/HpBonus.cs using Guid(2cac6a6aec1e42148addda0a12048a97) Importer(815301076,1909f56bfc062723c751e8b465ee728b)  -> (artifact id: '5367aae17eb46a820949c72b6a22c409') in 0.006351 seconds 
  Import took 0.009080 seconds .

========================================================================
Received Prepare
Registering precompiled user dll's ...
Registered in 0.002459 seconds.
Begin MonoManager ReloadAssembly
Native extension for WindowsStandalone target not found
Refreshing native plugins compatible for Editor in 0.34 ms, found 2 plugins.
Preloading 0 native plugins for Editor in 0.00 ms.
Mono: successfully reloaded assembly
- Completed reload, in  0.848 seconds
Domain Reload Profiling:
	ReloadAssembly (849ms)
		BeginReloadAssembly (106ms)
			ExecutionOrderSort (0ms)
			DisableScriptedObjects (4ms)
			BackupInstance (0ms)
			ReleaseScriptingObjects (0ms)
			CreateAndSetChildDomain (29ms)
		EndReloadAssembly (678ms)
			LoadAssemblies (70ms)
			RebuildTransferFunctionScriptingTraits (0ms)
			SetupTypeCache (233ms)
			ReleaseScriptCaches (1ms)
			RebuildScriptCaches (41ms)
			SetupLoadedEditorAssemblies (256ms)
				LogAssemblyErrors (0ms)
				InitializePlatformSupportModulesInManaged (4ms)
				SetLoadedEditorAssemblies (0ms)
				RefreshPlugins (0ms)
				BeforeProcessingInitializeOnLoad (68ms)
				ProcessInitializeOnLoadAttributes (172ms)
				ProcessInitializeOnLoadMethodAttributes (7ms)
				AfterProcessingInitializeOnLoad (3ms)
				EditorAssembliesLoaded (0ms)
			ExecutionOrderSort2 (0ms)
			AwakeInstancesAfterBackupRestoration (6ms)
Platform modules already initialized, skipping
Refreshing native plugins compatible for Editor in 0.34 ms, found 2 plugins.
Preloading 0 native plugins for Editor in 0.00 ms.
Unloading 1670 Unused Serialized files (Serialized files now loaded: 0)
System memory in use before: 77.6 MB.
System memory in use after: 77.7 MB.

Unloading 15 unused Assets to reduce memory usage. Loaded Objects now: 2163.
Total: 2.461900 ms (FindLiveObjects: 0.170500 ms CreateObjectMapping: 0.059500 ms MarkObjects: 2.218300 ms  DeleteObjects: 0.012800 ms)

AssetImportParameters requested are different than current active one (requested -> active):
  custom:framework-win-MediaFoundation: 216162199b28c13a410421893ffa2e32 -> 
  custom:video-decoder-ogg-theora: a1e56fd34408186e4bbccfd4996cb3dc -> 
  custom:container-muxer-webm: aa71ff27fc2769a1b78a27578f13a17b -> 
  custom:container-demuxer-webm: 4f35f7cbe854078d1ac9338744f61a02 -> 
  custom:container-demuxer-ogg: 62fdf1f143b41e24485cea50d1cbac27 -> 
  custom:video-encoder-webm-vp8: eb34c28f22e8b96e1ab97ce403110664 -> 
  custom:video-codec-MediaFoundation-h265: 746d11721c4dcdbdad8f713fa42b33f4 -> 
  custom:video-decoder-webm-vp8: 9c59270c3fd7afecdb556c50c9e8de78 -> 
  custom:audio-decoder-ogg-vorbis: bf7c407c2cedff20999df2af8eb42d56 -> 
  custom:audio-encoder-webm-vorbis: bf7c407c2cedff20999df2af8eb42d56 -> 
========================================================================
Received Import Request.
  Time since last request: 15.558675 seconds.
  path: Assets/Scripts/Bonus/SpeedBonus.cs
  artifactKey: Guid(5118982f96061084b8e43d80f25b0b88) Importer(815301076,1909f56bfc062723c751e8b465ee728b)
Start importing Assets/Scripts/Bonus/SpeedBonus.cs using Guid(5118982f96061084b8e43d80f25b0b88) Importer(815301076,1909f56bfc062723c751e8b465ee728b)  -> (artifact id: '514e046970cfd67e9e213b61296eb1ce') in 0.008589 seconds 
  Import took 0.011226 seconds .

========================================================================
Received Prepare
Registering precompiled user dll's ...
Registered in 0.002415 seconds.
Begin MonoManager ReloadAssembly
Native extension for WindowsStandalone target not found
Refreshing native plugins compatible for Editor in 0.33 ms, found 2 plugins.
Preloading 0 native plugins for Editor in 0.00 ms.
Mono: successfully reloaded assembly
- Completed reload, in  0.858 seconds
Domain Reload Profiling:
	ReloadAssembly (858ms)
		BeginReloadAssembly (94ms)
			ExecutionOrderSort (0ms)
			DisableScriptedObjects (4ms)
			BackupInstance (0ms)
			ReleaseScriptingObjects (0ms)
			CreateAndSetChildDomain (28ms)
		EndReloadAssembly (712ms)
			LoadAssemblies (74ms)
			RebuildTransferFunctionScriptingTraits (0ms)
			SetupTypeCache (250ms)
			ReleaseScriptCaches (1ms)
			RebuildScriptCaches (41ms)
			SetupLoadedEditorAssemblies (264ms)
				LogAssemblyErrors (0ms)
				InitializePlatformSupportModulesInManaged (5ms)
				SetLoadedEditorAssemblies (0ms)
				RefreshPlugins (0ms)
				BeforeProcessingInitializeOnLoad (69ms)
				ProcessInitializeOnLoadAttributes (178ms)
				ProcessInitializeOnLoadMethodAttributes (8ms)
				AfterProcessingInitializeOnLoad (3ms)
				EditorAssembliesLoaded (0ms)
			ExecutionOrderSort2 (0ms)
			AwakeInstancesAfterBackupRestoration (6ms)
Platform modules already initialized, skipping
Refreshing native plugins compatible for Editor in 0.36 ms, found 2 plugins.
Preloading 0 native plugins for Editor in 0.00 ms.
Unloading 1671 Unused Serialized files (Serialized files now loaded: 0)
System memory in use before: 77.6 MB.
System memory in use after: 77.7 MB.

Unloading 15 unused Assets to reduce memory usage. Loaded Objects now: 2166.
Total: 2.599200 ms (FindLiveObjects: 0.146500 ms CreateObjectMapping: 0.049100 ms MarkObjects: 2.390100 ms  DeleteObjects: 0.012800 ms)

AssetImportParameters requested are different than current active one (requested -> active):
  custom:framework-win-MediaFoundation: 216162199b28c13a410421893ffa2e32 -> 
  custom:video-decoder-ogg-theora: a1e56fd34408186e4bbccfd4996cb3dc -> 
  custom:container-muxer-webm: aa71ff27fc2769a1b78a27578f13a17b -> 
  custom:container-demuxer-webm: 4f35f7cbe854078d1ac9338744f61a02 -> 
  custom:container-demuxer-ogg: 62fdf1f143b41e24485cea50d1cbac27 -> 
  custom:video-encoder-webm-vp8: eb34c28f22e8b96e1ab97ce403110664 -> 
  custom:video-codec-MediaFoundation-h265: 746d11721c4dcdbdad8f713fa42b33f4 -> 
  custom:video-decoder-webm-vp8: 9c59270c3fd7afecdb556c50c9e8de78 -> 
  custom:audio-decoder-ogg-vorbis: bf7c407c2cedff20999df2af8eb42d56 -> 
  custom:audio-encoder-webm-vorbis: bf7c407c2cedff20999df2af8eb42d56 -> 
========================================================================
Received Import Request.
  Time since last request: 33.124974 seconds.
  path: Assets/Scripts/Bonus/HpBonus.cs
  artifactKey: Guid(2cac6a6aec1e42148addda0a12048a97) Importer(815301076,1909f56bfc062723c751e8b465ee728b)
Start importing Assets/Scripts/Bonus/HpBonus.cs using Guid(2cac6a6aec1e42148addda0a12048a97) Importer(815301076,1909f56bfc062723c751e8b465ee728b)  -> (artifact id: 'b2a0ccf95d0219fe2b68b21cd692da03') in 0.003813 seconds 
  Import took 0.006346 seconds .

========================================================================
Received Import Request.
  Time since last request: 220.879384 seconds.
  path: Assets/Scripts/Bonus/HpBonus.cs
  artifactKey: Guid(2cac6a6aec1e42148addda0a12048a97) Importer(815301076,1909f56bfc062723c751e8b465ee728b)
Start importing Assets/Scripts/Bonus/HpBonus.cs using Guid(2cac6a6aec1e42148addda0a12048a97) Importer(815301076,1909f56bfc062723c751e8b465ee728b)  -> (artifact id: 'bc63c09a2d028b5967fbf465a3df27b5') in 0.002071 seconds 
  Import took 0.005417 seconds .

========================================================================
Received Import Request.
  Time since last request: 136.224298 seconds.
  path: Assets/Scripts/Bonus/HpBonus.cs
  artifactKey: Guid(2cac6a6aec1e42148addda0a12048a97) Importer(815301076,1909f56bfc062723c751e8b465ee728b)
Start importing Assets/Scripts/Bonus/HpBonus.cs using Guid(2cac6a6aec1e42148addda0a12048a97) Importer(815301076,1909f56bfc062723c751e8b465ee728b)  -> (artifact id: '77a0c09ea6de6a6e85179fc72978ecf6') in 0.001575 seconds 
  Import took 0.004187 seconds .

========================================================================
Received Prepare
Registering precompiled user dll's ...
Registered in 0.002654 seconds.
Begin MonoManager ReloadAssembly
Native extension for WindowsStandalone target not found
Refreshing native plugins compatible for Editor in 0.33 ms, found 2 plugins.
Preloading 0 native plugins for Editor in 0.00 ms.
Mono: successfully reloaded assembly
- Completed reload, in  0.834 seconds
Domain Reload Profiling:
	ReloadAssembly (835ms)
		BeginReloadAssembly (93ms)
			ExecutionOrderSort (0ms)
			DisableScriptedObjects (4ms)
			BackupInstance (0ms)
			ReleaseScriptingObjects (0ms)
			CreateAndSetChildDomain (28ms)
		EndReloadAssembly (686ms)
			LoadAssemblies (75ms)
			RebuildTransferFunctionScriptingTraits (0ms)
			SetupTypeCache (236ms)
			ReleaseScriptCaches (1ms)
			RebuildScriptCaches (41ms)
			SetupLoadedEditorAssemblies (259ms)
				LogAssemblyErrors (0ms)
				InitializePlatformSupportModulesInManaged (4ms)
				SetLoadedEditorAssemblies (0ms)
				RefreshPlugins (0ms)
				BeforeProcessingInitializeOnLoad (69ms)
				ProcessInitializeOnLoadAttributes (174ms)
				ProcessInitializeOnLoadMethodAttributes (7ms)
				AfterProcessingInitializeOnLoad (3ms)
				EditorAssembliesLoaded (0ms)
			ExecutionOrderSort2 (0ms)
			AwakeInstancesAfterBackupRestoration (6ms)
Platform modules already initialized, skipping
Refreshing native plugins compatible for Editor in 0.33 ms, found 2 plugins.
Preloading 0 native plugins for Editor in 0.00 ms.
Unloading 1671 Unused Serialized files (Serialized files now loaded: 0)
System memory in use before: 77.6 MB.
System memory in use after: 77.7 MB.

Unloading 15 unused Assets to reduce memory usage. Loaded Objects now: 2168.
Total: 2.399400 ms (FindLiveObjects: 0.148200 ms CreateObjectMapping: 0.054700 ms MarkObjects: 2.181600 ms  DeleteObjects: 0.014200 ms)

AssetImportParameters requested are different than current active one (requested -> active):
  custom:framework-win-MediaFoundation: 216162199b28c13a410421893ffa2e32 -> 
  custom:video-decoder-ogg-theora: a1e56fd34408186e4bbccfd4996cb3dc -> 
  custom:container-muxer-webm: aa71ff27fc2769a1b78a27578f13a17b -> 
  custom:container-demuxer-webm: 4f35f7cbe854078d1ac9338744f61a02 -> 
  custom:container-demuxer-ogg: 62fdf1f143b41e24485cea50d1cbac27 -> 
  custom:video-encoder-webm-vp8: eb34c28f22e8b96e1ab97ce403110664 -> 
  custom:video-codec-MediaFoundation-h265: 746d11721c4dcdbdad8f713fa42b33f4 -> 
  custom:video-decoder-webm-vp8: 9c59270c3fd7afecdb556c50c9e8de78 -> 
  custom:audio-decoder-ogg-vorbis: bf7c407c2cedff20999df2af8eb42d56 -> 
  custom:audio-encoder-webm-vorbis: bf7c407c2cedff20999df2af8eb42d56 -> 
========================================================================
Received Import Request.
  Time since last request: 40.076524 seconds.
  path: Assets/Scripts/Bonus/SpeedBonus.cs
  artifactKey: Guid(5118982f96061084b8e43d80f25b0b88) Importer(815301076,1909f56bfc062723c751e8b465ee728b)
Start importing Assets/Scripts/Bonus/SpeedBonus.cs using Guid(5118982f96061084b8e43d80f25b0b88) Importer(815301076,1909f56bfc062723c751e8b465ee728b)  -> (artifact id: '24d3c71b746b6239810818208ea24b93') in 0.004145 seconds 
  Import took 0.007015 seconds .

========================================================================
Received Prepare
Registering precompiled user dll's ...
Registered in 0.002611 seconds.
Begin MonoManager ReloadAssembly
Native extension for WindowsStandalone target not found
Refreshing native plugins compatible for Editor in 0.35 ms, found 2 plugins.
Preloading 0 native plugins for Editor in 0.00 ms.
Mono: successfully reloaded assembly
- Completed reload, in  0.842 seconds
Domain Reload Profiling:
	ReloadAssembly (842ms)
		BeginReloadAssembly (107ms)
			ExecutionOrderSort (0ms)
			DisableScriptedObjects (4ms)
			BackupInstance (0ms)
			ReleaseScriptingObjects (0ms)
			CreateAndSetChildDomain (27ms)
		EndReloadAssembly (685ms)
			LoadAssemblies (73ms)
			RebuildTransferFunctionScriptingTraits (0ms)
			SetupTypeCache (232ms)
			ReleaseScriptCaches (1ms)
			RebuildScriptCaches (42ms)
			SetupLoadedEditorAssemblies (260ms)
				LogAssemblyErrors (0ms)
				InitializePlatformSupportModulesInManaged (4ms)
				SetLoadedEditorAssemblies (0ms)
				RefreshPlugins (0ms)
				BeforeProcessingInitializeOnLoad (69ms)
				ProcessInitializeOnLoadAttributes (175ms)
				ProcessInitializeOnLoadMethodAttributes (8ms)
				AfterProcessingInitializeOnLoad (3ms)
				EditorAssembliesLoaded (0ms)
			ExecutionOrderSort2 (0ms)
			AwakeInstancesAfterBackupRestoration (6ms)
Platform modules already initialized, skipping
Refreshing native plugins compatible for Editor in 0.36 ms, found 2 plugins.
Preloading 0 native plugins for Editor in 0.00 ms.
Unloading 1671 Unused Serialized files (Serialized files now loaded: 0)
System memory in use before: 77.6 MB.
System memory in use after: 77.7 MB.

Unloading 15 unused Assets to reduce memory usage. Loaded Objects now: 2170.
Total: 2.501600 ms (FindLiveObjects: 0.162000 ms CreateObjectMapping: 0.056400 ms MarkObjects: 2.269000 ms  DeleteObjects: 0.013400 ms)

AssetImportParameters requested are different than current active one (requested -> active):
  custom:framework-win-MediaFoundation: 216162199b28c13a410421893ffa2e32 -> 
  custom:video-decoder-ogg-theora: a1e56fd34408186e4bbccfd4996cb3dc -> 
  custom:container-muxer-webm: aa71ff27fc2769a1b78a27578f13a17b -> 
  custom:container-demuxer-webm: 4f35f7cbe854078d1ac9338744f61a02 -> 
  custom:container-demuxer-ogg: 62fdf1f143b41e24485cea50d1cbac27 -> 
  custom:video-encoder-webm-vp8: eb34c28f22e8b96e1ab97ce403110664 -> 
  custom:video-codec-MediaFoundation-h265: 746d11721c4dcdbdad8f713fa42b33f4 -> 
  custom:video-decoder-webm-vp8: 9c59270c3fd7afecdb556c50c9e8de78 -> 
  custom:audio-decoder-ogg-vorbis: bf7c407c2cedff20999df2af8eb42d56 -> 
  custom:audio-encoder-webm-vorbis: bf7c407c2cedff20999df2af8eb42d56 -> 
========================================================================
Received Prepare
Registering precompiled user dll's ...
Registered in 0.003557 seconds.
Begin MonoManager ReloadAssembly
Native extension for WindowsStandalone target not found
Refreshing native plugins compatible for Editor in 0.34 ms, found 2 plugins.
Preloading 0 native plugins for Editor in 0.00 ms.
Mono: successfully reloaded assembly
- Completed reload, in  0.850 seconds
Domain Reload Profiling:
	ReloadAssembly (850ms)
		BeginReloadAssembly (90ms)
			ExecutionOrderSort (0ms)
			DisableScriptedObjects (4ms)
			BackupInstance (0ms)
			ReleaseScriptingObjects (0ms)
			CreateAndSetChildDomain (27ms)
		EndReloadAssembly (710ms)
			LoadAssemblies (80ms)
			RebuildTransferFunctionScriptingTraits (0ms)
			SetupTypeCache (247ms)
			ReleaseScriptCaches (1ms)
			RebuildScriptCaches (44ms)
			SetupLoadedEditorAssemblies (257ms)
				LogAssemblyErrors (0ms)
				InitializePlatformSupportModulesInManaged (4ms)
				SetLoadedEditorAssemblies (0ms)
				RefreshPlugins (0ms)
				BeforeProcessingInitializeOnLoad (67ms)
				ProcessInitializeOnLoadAttributes (173ms)
				ProcessInitializeOnLoadMethodAttributes (7ms)
				AfterProcessingInitializeOnLoad (3ms)
				EditorAssembliesLoaded (0ms)
			ExecutionOrderSort2 (0ms)
			AwakeInstancesAfterBackupRestoration (6ms)
Platform modules already initialized, skipping
Refreshing native plugins compatible for Editor in 0.34 ms, found 2 plugins.
Preloading 0 native plugins for Editor in 0.00 ms.
Unloading 1671 Unused Serialized files (Serialized files now loaded: 0)
System memory in use before: 77.6 MB.
System memory in use after: 77.7 MB.

Unloading 15 unused Assets to reduce memory usage. Loaded Objects now: 2172.
Total: 2.531300 ms (FindLiveObjects: 0.147900 ms CreateObjectMapping: 0.052000 ms MarkObjects: 2.317200 ms  DeleteObjects: 0.013300 ms)

AssetImportParameters requested are different than current active one (requested -> active):
  custom:framework-win-MediaFoundation: 216162199b28c13a410421893ffa2e32 -> 
  custom:video-decoder-ogg-theora: a1e56fd34408186e4bbccfd4996cb3dc -> 
  custom:container-muxer-webm: aa71ff27fc2769a1b78a27578f13a17b -> 
  custom:container-demuxer-webm: 4f35f7cbe854078d1ac9338744f61a02 -> 
  custom:container-demuxer-ogg: 62fdf1f143b41e24485cea50d1cbac27 -> 
  custom:video-encoder-webm-vp8: eb34c28f22e8b96e1ab97ce403110664 -> 
  custom:video-codec-MediaFoundation-h265: 746d11721c4dcdbdad8f713fa42b33f4 -> 
  custom:video-decoder-webm-vp8: 9c59270c3fd7afecdb556c50c9e8de78 -> 
  custom:audio-decoder-ogg-vorbis: bf7c407c2cedff20999df2af8eb42d56 -> 
  custom:audio-encoder-webm-vorbis: bf7c407c2cedff20999df2af8eb42d56 -> 
========================================================================
Received Prepare
Registering precompiled user dll's ...
Registered in 0.002501 seconds.
Begin MonoManager ReloadAssembly
Native extension for WindowsStandalone target not found
Refreshing native plugins compatible for Editor in 0.34 ms, found 2 plugins.
Preloading 0 native plugins for Editor in 0.00 ms.
Mono: successfully reloaded assembly
- Completed reload, in  0.866 seconds
Domain Reload Profiling:
	ReloadAssembly (866ms)
		BeginReloadAssembly (91ms)
			ExecutionOrderSort (0ms)
			DisableScriptedObjects (4ms)
			BackupInstance (0ms)
			ReleaseScriptingObjects (0ms)
			CreateAndSetChildDomain (28ms)
		EndReloadAssembly (723ms)
			LoadAssemblies (77ms)
			RebuildTransferFunctionScriptingTraits (0ms)
			SetupTypeCache (243ms)
			ReleaseScriptCaches (1ms)
			RebuildScriptCaches (47ms)
			SetupLoadedEditorAssemblies (272ms)
				LogAssemblyErrors (0ms)
				InitializePlatformSupportModulesInManaged (5ms)
				SetLoadedEditorAssemblies (0ms)
				RefreshPlugins (0ms)
				BeforeProcessingInitializeOnLoad (70ms)
				ProcessInitializeOnLoadAttributes (184ms)
				ProcessInitializeOnLoadMethodAttributes (9ms)
				AfterProcessingInitializeOnLoad (3ms)
				EditorAssembliesLoaded (0ms)
			ExecutionOrderSort2 (0ms)
			AwakeInstancesAfterBackupRestoration (6ms)
Platform modules already initialized, skipping
Refreshing native plugins compatible for Editor in 0.34 ms, found 2 plugins.
Preloading 0 native plugins for Editor in 0.00 ms.
Unloading 1671 Unused Serialized files (Serialized files now loaded: 0)
System memory in use before: 77.6 MB.
System memory in use after: 77.7 MB.

Unloading 15 unused Assets to reduce memory usage. Loaded Objects now: 2174.
Total: 2.441300 ms (FindLiveObjects: 0.168400 ms CreateObjectMapping: 0.055200 ms MarkObjects: 2.202600 ms  DeleteObjects: 0.014400 ms)

AssetImportParameters requested are different than current active one (requested -> active):
  custom:framework-win-MediaFoundation: 216162199b28c13a410421893ffa2e32 -> 
  custom:video-decoder-ogg-theora: a1e56fd34408186e4bbccfd4996cb3dc -> 
  custom:container-muxer-webm: aa71ff27fc2769a1b78a27578f13a17b -> 
  custom:container-demuxer-webm: 4f35f7cbe854078d1ac9338744f61a02 -> 
  custom:container-demuxer-ogg: 62fdf1f143b41e24485cea50d1cbac27 -> 
  custom:video-encoder-webm-vp8: eb34c28f22e8b96e1ab97ce403110664 -> 
  custom:video-codec-MediaFoundation-h265: 746d11721c4dcdbdad8f713fa42b33f4 -> 
  custom:video-decoder-webm-vp8: 9c59270c3fd7afecdb556c50c9e8de78 -> 
  custom:audio-decoder-ogg-vorbis: bf7c407c2cedff20999df2af8eb42d56 -> 
  custom:audio-encoder-webm-vorbis: bf7c407c2cedff20999df2af8eb42d56 -> 
========================================================================
Received Prepare
Registering precompiled user dll's ...
Registered in 0.003605 seconds.
Begin MonoManager ReloadAssembly
Native extension for WindowsStandalone target not found
Refreshing native plugins compatible for Editor in 0.34 ms, found 2 plugins.
Preloading 0 native plugins for Editor in 0.00 ms.
Mono: successfully reloaded assembly
- Completed reload, in  0.843 seconds
Domain Reload Profiling:
	ReloadAssembly (844ms)
		BeginReloadAssembly (97ms)
			ExecutionOrderSort (0ms)
			DisableScriptedObjects (4ms)
			BackupInstance (0ms)
			ReleaseScriptingObjects (0ms)
			CreateAndSetChildDomain (27ms)
		EndReloadAssembly (689ms)
			LoadAssemblies (72ms)
			RebuildTransferFunctionScriptingTraits (0ms)
			SetupTypeCache (235ms)
			ReleaseScriptCaches (1ms)
			RebuildScriptCaches (42ms)
			SetupLoadedEditorAssemblies (259ms)
				LogAssemblyErrors (0ms)
				InitializePlatformSupportModulesInManaged (5ms)
				SetLoadedEditorAssemblies (0ms)
				RefreshPlugins (0ms)
				BeforeProcessingInitializeOnLoad (69ms)
				ProcessInitializeOnLoadAttributes (174ms)
				ProcessInitializeOnLoadMethodAttributes (7ms)
				AfterProcessingInitializeOnLoad (3ms)
				EditorAssembliesLoaded (0ms)
			ExecutionOrderSort2 (0ms)
			AwakeInstancesAfterBackupRestoration (6ms)
Platform modules already initialized, skipping
Refreshing native plugins compatible for Editor in 0.34 ms, found 2 plugins.
Preloading 0 native plugins for Editor in 0.00 ms.
Unloading 1671 Unused Serialized files (Serialized files now loaded: 0)
System memory in use before: 77.6 MB.
System memory in use after: 77.7 MB.

Unloading 15 unused Assets to reduce memory usage. Loaded Objects now: 2176.
Total: 2.482600 ms (FindLiveObjects: 0.152500 ms CreateObjectMapping: 0.051400 ms MarkObjects: 2.265900 ms  DeleteObjects: 0.012100 ms)

AssetImportParameters requested are different than current active one (requested -> active):
  custom:framework-win-MediaFoundation: 216162199b28c13a410421893ffa2e32 -> 
  custom:video-decoder-ogg-theora: a1e56fd34408186e4bbccfd4996cb3dc -> 
  custom:container-muxer-webm: aa71ff27fc2769a1b78a27578f13a17b -> 
  custom:container-demuxer-webm: 4f35f7cbe854078d1ac9338744f61a02 -> 
  custom:container-demuxer-ogg: 62fdf1f143b41e24485cea50d1cbac27 -> 
  custom:video-encoder-webm-vp8: eb34c28f22e8b96e1ab97ce403110664 -> 
  custom:video-codec-MediaFoundation-h265: 746d11721c4dcdbdad8f713fa42b33f4 -> 
  custom:video-decoder-webm-vp8: 9c59270c3fd7afecdb556c50c9e8de78 -> 
  custom:audio-decoder-ogg-vorbis: bf7c407c2cedff20999df2af8eb42d56 -> 
  custom:audio-encoder-webm-vorbis: bf7c407c2cedff20999df2af8eb42d56 -> 
========================================================================
Received Import Request.
  Time since last request: 220.516055 seconds.
  path: Assets/Prefabs/Plane.prefab
  artifactKey: Guid(9613f937e86536c47b89f4ce19ce7914) Importer(815301076,1909f56bfc062723c751e8b465ee728b)
Start importing Assets/Prefabs/Plane.prefab using Guid(9613f937e86536c47b89f4ce19ce7914) Importer(815301076,1909f56bfc062723c751e8b465ee728b)  -> (artifact id: '06fd6ef735aea4c01be49dd4b139d949') in 0.055534 seconds 
  Import took 0.058186 seconds .

========================================================================
Received Import Request.
  Time since last request: 45.087086 seconds.
  path: Assets/Prefabs/Plane.prefab
  artifactKey: Guid(9613f937e86536c47b89f4ce19ce7914) Importer(815301076,1909f56bfc062723c751e8b465ee728b)
Start importing Assets/Prefabs/Plane.prefab using Guid(9613f937e86536c47b89f4ce19ce7914) Importer(815301076,1909f56bfc062723c751e8b465ee728b)  -> (artifact id: '6d7a2daeb332f447fe7b9b8a71e57de1') in 0.009057 seconds 
  Import took 0.012070 seconds .

========================================================================
Received Import Request.
  Time since last request: 2.475740 seconds.
  path: Assets/Prefabs/Plane.prefab
  artifactKey: Guid(9613f937e86536c47b89f4ce19ce7914) Importer(815301076,1909f56bfc062723c751e8b465ee728b)
Start importing Assets/Prefabs/Plane.prefab using Guid(9613f937e86536c47b89f4ce19ce7914) Importer(815301076,1909f56bfc062723c751e8b465ee728b)  -> (artifact id: '6114a0789d3672d2b318d95931c27305') in 0.008255 seconds 
  Import took 0.011149 seconds .

========================================================================
Received Import Request.
  Time since last request: 146.338885 seconds.
  path: Assets/Prefabs/Plane.prefab
  artifactKey: Guid(9613f937e86536c47b89f4ce19ce7914) Importer(815301076,1909f56bfc062723c751e8b465ee728b)
Start importing Assets/Prefabs/Plane.prefab using Guid(9613f937e86536c47b89f4ce19ce7914) Importer(815301076,1909f56bfc062723c751e8b465ee728b)  -> (artifact id: '6bbc4612bc21397c3495232c15456df0') in 0.008534 seconds 
  Import took 0.011626 seconds .

========================================================================
Received Import Request.
  Time since last request: 1.176877 seconds.
  path: Assets/Prefabs/Plane.prefab
  artifactKey: Guid(9613f937e86536c47b89f4ce19ce7914) Importer(815301076,1909f56bfc062723c751e8b465ee728b)
Start importing Assets/Prefabs/Plane.prefab using Guid(9613f937e86536c47b89f4ce19ce7914) Importer(815301076,1909f56bfc062723c751e8b465ee728b)  -> (artifact id: '37a59d2bd931cea1d5e49c63029135c1') in 0.007611 seconds 
  Import took 0.010562 seconds .

========================================================================
Received Import Request.
  Time since last request: 3.959474 seconds.
  path: Assets/Prefabs/Plane.prefab
  artifactKey: Guid(9613f937e86536c47b89f4ce19ce7914) Importer(815301076,1909f56bfc062723c751e8b465ee728b)
Start importing Assets/Prefabs/Plane.prefab using Guid(9613f937e86536c47b89f4ce19ce7914) Importer(815301076,1909f56bfc062723c751e8b465ee728b)  -> (artifact id: '728aa6f8b46da489edc0a9dab9022dd3') in 0.011093 seconds 
  Import took 0.014089 seconds .

========================================================================
Received Import Request.
  Time since last request: 8.243885 seconds.
  path: Assets/Prefabs/Plane.prefab
  artifactKey: Guid(9613f937e86536c47b89f4ce19ce7914) Importer(815301076,1909f56bfc062723c751e8b465ee728b)
Start importing Assets/Prefabs/Plane.prefab using Guid(9613f937e86536c47b89f4ce19ce7914) Importer(815301076,1909f56bfc062723c751e8b465ee728b)  -> (artifact id: '334bcc1d4c2223770345fde7532ca4ac') in 0.009881 seconds 
  Import took 0.013025 seconds .

========================================================================
Received Import Request.
  Time since last request: 4.228947 seconds.
  path: Assets/Prefabs/Plane.prefab
  artifactKey: Guid(9613f937e86536c47b89f4ce19ce7914) Importer(815301076,1909f56bfc062723c751e8b465ee728b)
Start importing Assets/Prefabs/Plane.prefab using Guid(9613f937e86536c47b89f4ce19ce7914) Importer(815301076,1909f56bfc062723c751e8b465ee728b)  -> (artifact id: 'e83dbe1fd1eb6814e1915c4ffcfb6936') in 0.010745 seconds 
  Import took 0.013431 seconds .

========================================================================
Received Import Request.
  Time since last request: 11.087443 seconds.
  path: Assets/Prefabs/Plane.prefab
  artifactKey: Guid(9613f937e86536c47b89f4ce19ce7914) Importer(815301076,1909f56bfc062723c751e8b465ee728b)
Start importing Assets/Prefabs/Plane.prefab using Guid(9613f937e86536c47b89f4ce19ce7914) Importer(815301076,1909f56bfc062723c751e8b465ee728b)  -> (artifact id: 'efeea4cee4a360c1d4a71d19916bb1d3') in 0.007942 seconds 
  Import took 0.010966 seconds .

========================================================================
Received Import Request.
  Time since last request: 7.250756 seconds.
  path: Assets/Prefabs/Plane.prefab
  artifactKey: Guid(9613f937e86536c47b89f4ce19ce7914) Importer(815301076,1909f56bfc062723c751e8b465ee728b)
Start importing Assets/Prefabs/Plane.prefab using Guid(9613f937e86536c47b89f4ce19ce7914) Importer(815301076,1909f56bfc062723c751e8b465ee728b)  -> (artifact id: '7b7a6002f3c6577c6ddbcd41c5b219a8') in 0.008845 seconds 
  Import took 0.011896 seconds .

========================================================================
Received Import Request.
  Time since last request: 8.259495 seconds.
  path: Assets/Prefabs/Plane.prefab
  artifactKey: Guid(9613f937e86536c47b89f4ce19ce7914) Importer(815301076,1909f56bfc062723c751e8b465ee728b)
Start importing Assets/Prefabs/Plane.prefab using Guid(9613f937e86536c47b89f4ce19ce7914) Importer(815301076,1909f56bfc062723c751e8b465ee728b)  -> (artifact id: '4167c91b61ddf509ffccbf1a97c90344') in 0.008022 seconds 
  Import took 0.010703 seconds .

========================================================================
Received Import Request.
  Time since last request: 48.495492 seconds.
  path: Assets/Prefabs/Plane.prefab
  artifactKey: Guid(9613f937e86536c47b89f4ce19ce7914) Importer(815301076,1909f56bfc062723c751e8b465ee728b)
Start importing Assets/Prefabs/Plane.prefab using Guid(9613f937e86536c47b89f4ce19ce7914) Importer(815301076,1909f56bfc062723c751e8b465ee728b)  -> (artifact id: '35e40686a0c4a2158413b92c719bf8e0') in 0.009645 seconds 
  Import took 0.012477 seconds .

========================================================================
Received Import Request.
  Time since last request: 3.412630 seconds.
  path: Assets/Prefabs/Hp Bonus.prefab
  artifactKey: Guid(b896bd361d72259409b006a393e9cc48) Importer(815301076,1909f56bfc062723c751e8b465ee728b)
Start importing Assets/Prefabs/Hp Bonus.prefab using Guid(b896bd361d72259409b006a393e9cc48) Importer(815301076,1909f56bfc062723c751e8b465ee728b)  -> (artifact id: '989e1ac5d85912bbb440a888cf30c939') in 0.010013 seconds 
  Import took 0.012612 seconds .

========================================================================
Received Import Request.
  Time since last request: 0.092147 seconds.
  path: Assets/Prefabs/Plane.prefab
  artifactKey: Guid(9613f937e86536c47b89f4ce19ce7914) Importer(815301076,1909f56bfc062723c751e8b465ee728b)
Start importing Assets/Prefabs/Plane.prefab using Guid(9613f937e86536c47b89f4ce19ce7914) Importer(815301076,1909f56bfc062723c751e8b465ee728b)  -> (artifact id: 'd57fe5d9dd4f306e6c20ed943f6969dc') in 0.008072 seconds 
  Import took 0.010775 seconds .

========================================================================
Received Import Request.
  Time since last request: 2.241708 seconds.
  path: Assets/Prefabs/Speed Bonus.prefab
  artifactKey: Guid(a5fbe35b917f63949b51b1bf0fdff4c3) Importer(815301076,1909f56bfc062723c751e8b465ee728b)
Start importing Assets/Prefabs/Speed Bonus.prefab using Guid(a5fbe35b917f63949b51b1bf0fdff4c3) Importer(815301076,1909f56bfc062723c751e8b465ee728b)  -> (artifact id: '48a1d460108a5a7c8fae26290e2a1f57') in 0.009071 seconds 
  Import took 0.012134 seconds .

========================================================================
Received Import Request.
  Time since last request: 0.168415 seconds.
  path: Assets/Prefabs/Plane.prefab
  artifactKey: Guid(9613f937e86536c47b89f4ce19ce7914) Importer(815301076,1909f56bfc062723c751e8b465ee728b)
Start importing Assets/Prefabs/Plane.prefab using Guid(9613f937e86536c47b89f4ce19ce7914) Importer(815301076,1909f56bfc062723c751e8b465ee728b)  -> (artifact id: 'aa5246fbde7cb3e1ab1ce3c0dbfabbfc') in 0.007715 seconds 
  Import took 0.010450 seconds .

========================================================================
Received Import Request.
  Time since last request: 23.345839 seconds.
  path: Assets/NavMeshComponents-master/Assets/Examples/Prefabs/Materials/BanyanBark.mat
  artifactKey: Guid(4013ffb83471c44a99ae39dd19f4bb58) Importer(815301076,1909f56bfc062723c751e8b465ee728b)
Start importing Assets/NavMeshComponents-master/Assets/Examples/Prefabs/Materials/BanyanBark.mat using Guid(4013ffb83471c44a99ae39dd19f4bb58) Importer(815301076,1909f56bfc062723c751e8b465ee728b)  -> (artifact id: 'b437fb203c5e1bcd315a7534f3f0b2c1') in 0.019823 seconds 
  Import took 0.022471 seconds .

========================================================================
Received Import Request.
  Time since last request: 0.000146 seconds.
  path: Assets/NavMeshComponents-master/Assets/Examples/Cube.prefab
  artifactKey: Guid(86232f43ed7fd4fc5a9098ccda13d2ef) Importer(815301076,1909f56bfc062723c751e8b465ee728b)
Start importing Assets/NavMeshComponents-master/Assets/Examples/Cube.prefab using Guid(86232f43ed7fd4fc5a9098ccda13d2ef) Importer(815301076,1909f56bfc062723c751e8b465ee728b)  -> (artifact id: 'ca8a48962f1337f816605a2f977bce76') in 0.011396 seconds 
  Import took 0.013904 seconds .

========================================================================
Received Import Request.
  Time since last request: 0.000232 seconds.
  path: Assets/NavMeshComponents-master/Assets/Examples/Materials/crosshair.mat
  artifactKey: Guid(6f20074b5ffb143d2a869e4cc78d9d5e) Importer(815301076,1909f56bfc062723c751e8b465ee728b)
Start importing Assets/NavMeshComponents-master/Assets/Examples/Materials/crosshair.mat using Guid(6f20074b5ffb143d2a869e4cc78d9d5e) Importer(815301076,1909f56bfc062723c751e8b465ee728b)  -> (artifact id: 'fc6ec3922e37a806b0585af992ddccd7') in 0.031716 seconds 
  Import took 0.034188 seconds .

========================================================================
Received Import Request.
  Time since last request: 0.000145 seconds.
  path: Assets/NavMeshComponents-master/Documentation/Images/ConnectingSurfaces-Example.png
  artifactKey: Guid(ac5eb7cf9799e2e46a8b10c6a7f364c3) Importer(815301076,1909f56bfc062723c751e8b465ee728b)
Start importing Assets/NavMeshComponents-master/Documentation/Images/ConnectingSurfaces-Example.png using Guid(ac5eb7cf9799e2e46a8b10c6a7f364c3) Importer(815301076,1909f56bfc062723c751e8b465ee728b)  -> (artifact id: '6d638a864f48a16515721dfbc4e2de7c') in 0.019914 seconds 
  Import took 0.022288 seconds .

========================================================================
Received Import Request.
  Time since last request: 0.000112 seconds.
  path: Assets/NavMeshComponents-master/Assets/Examples/Prefabs/GroundTile.prefab
  artifactKey: Guid(c1f4492f15da844ebae2767c08ef4aab) Importer(815301076,1909f56bfc062723c751e8b465ee728b)
Start importing Assets/NavMeshComponents-master/Assets/Examples/Prefabs/GroundTile.prefab using Guid(c1f4492f15da844ebae2767c08ef4aab) Importer(815301076,1909f56bfc062723c751e8b465ee728b)  -> (artifact id: 'b41ed9b090f120bcf20dc5c4a20ecde0') in 0.102378 seconds 
  Import took 0.104901 seconds .

========================================================================
Received Import Request.
  Time since last request: 0.000219 seconds.
  path: Assets/NavMeshComponents-master/Assets/Examples/Materials/floor.mat
  artifactKey: Guid(3adb56b3302734c8d8e5a18699302e85) Importer(815301076,1909f56bfc062723c751e8b465ee728b)
Start importing Assets/NavMeshComponents-master/Assets/Examples/Materials/floor.mat using Guid(3adb56b3302734c8d8e5a18699302e85) Importer(815301076,1909f56bfc062723c751e8b465ee728b)  -> (artifact id: '6ec773862845e0fed85d5ede66932b0c') in 0.009511 seconds 
  Import took 0.011931 seconds .

========================================================================
Received Import Request.
  Time since last request: 0.000140 seconds.
  path: Assets/NavMeshComponents-master/Assets/Examples/Materials/brown.mat
  artifactKey: Guid(1e1c6a0a64beb49ec96272beefa468a5) Importer(815301076,1909f56bfc062723c751e8b465ee728b)
Start importing Assets/NavMeshComponents-master/Assets/Examples/Materials/brown.mat using Guid(1e1c6a0a64beb49ec96272beefa468a5) Importer(815301076,1909f56bfc062723c751e8b465ee728b)  -> (artifact id: '35a3c7c97de5915dd388fb02dac1efc0') in 0.009169 seconds 
  Import took 0.011688 seconds .

========================================================================
Received Import Request.
  Time since last request: 0.000159 seconds.
  path: Assets/NavMeshComponents-master/Assets/Examples/Prefabs/Materials/BanyanBranches.mat
  artifactKey: Guid(7186e4ec31ca3459da36b9faf2049a09) Importer(815301076,1909f56bfc062723c751e8b465ee728b)
Start importing Assets/NavMeshComponents-master/Assets/Examples/Prefabs/Materials/BanyanBranches.mat using Guid(7186e4ec31ca3459da36b9faf2049a09) Importer(815301076,1909f56bfc062723c751e8b465ee728b)  -> (artifact id: 'ee4334d229afef847a49b8718a8b195f') in 0.009676 seconds 
  Import took 0.012295 seconds .

========================================================================
Received Import Request.
  Time since last request: 0.000258 seconds.
  path: Assets/NavMeshComponents-master/Assets/Examples/Materials/brightgreen.mat
  artifactKey: Guid(5c9ea827aaa4145c8900e81ca1395aae) Importer(815301076,1909f56bfc062723c751e8b465ee728b)
Start importing Assets/NavMeshComponents-master/Assets/Examples/Materials/brightgreen.mat using Guid(5c9ea827aaa4145c8900e81ca1395aae) Importer(815301076,1909f56bfc062723c751e8b465ee728b)  -> (artifact id: 'd64787d2b4ed25b12d35728191ccdc7d') in 0.009994 seconds 
  Import took 0.012561 seconds .

========================================================================
Received Import Request.
  Time since last request: 0.000139 seconds.
  path: Assets/NavMeshComponents-master/Assets/Examples/Materials/grey.mat
  artifactKey: Guid(ade8fca681f724cd89b5a568642f15ae) Importer(815301076,1909f56bfc062723c751e8b465ee728b)
Start importing Assets/NavMeshComponents-master/Assets/Examples/Materials/grey.mat using Guid(ade8fca681f724cd89b5a568642f15ae) Importer(815301076,1909f56bfc062723c751e8b465ee728b)  -> (artifact id: 'fd9395f15b8f5f8a2a7e8ad63679f60a') in 0.010441 seconds 
  Import took 0.013362 seconds .

========================================================================
Received Import Request.
  Time since last request: 0.000157 seconds.
  path: Assets/NavMeshComponents-master/Assets/Examples/Prefabs/BanyanTree.prefab
  artifactKey: Guid(46d69f622d1354ee0820b7921e262b38) Importer(815301076,1909f56bfc062723c751e8b465ee728b)
Start importing Assets/NavMeshComponents-master/Assets/Examples/Prefabs/BanyanTree.prefab using Guid(46d69f622d1354ee0820b7921e262b38) Importer(815301076,1909f56bfc062723c751e8b465ee728b)  -> (artifact id: '362aba472ff76666fb7a2c78aa9ffad1') in 0.011039 seconds 
  Import took 0.013882 seconds .

========================================================================
Received Import Request.
  Time since last request: 0.000121 seconds.
  path: Assets/NavMeshComponents-master/Assets/Examples/Materials/green.mat
  artifactKey: Guid(0aa37164acf594e03876b4e0b590280e) Importer(815301076,1909f56bfc062723c751e8b465ee728b)
Start importing Assets/NavMeshComponents-master/Assets/Examples/Materials/green.mat using Guid(0aa37164acf594e03876b4e0b590280e) Importer(815301076,1909f56bfc062723c751e8b465ee728b)  -> (artifact id: 'a87614cbc101ccc3aada9342bf960033') in 0.010271 seconds 
  Import took 0.012962 seconds .

========================================================================
Received Import Request.
  Time since last request: 25.871502 seconds.
  path: Assets/Prefabs/Plane.prefab
  artifactKey: Guid(9613f937e86536c47b89f4ce19ce7914) Importer(815301076,1909f56bfc062723c751e8b465ee728b)
Start importing Assets/Prefabs/Plane.prefab using Guid(9613f937e86536c47b89f4ce19ce7914) Importer(815301076,1909f56bfc062723c751e8b465ee728b)  -> (artifact id: 'a903a8c42a1542c49bbec19836a0cf5e') in 0.013006 seconds 
  Import took 0.016226 seconds .

========================================================================
Received Import Request.
  Time since last request: 0.000145 seconds.
  path: Assets/Prefabs/Speed Bonus.prefab
  artifactKey: Guid(a5fbe35b917f63949b51b1bf0fdff4c3) Importer(815301076,1909f56bfc062723c751e8b465ee728b)
Start importing Assets/Prefabs/Speed Bonus.prefab using Guid(a5fbe35b917f63949b51b1bf0fdff4c3) Importer(815301076,1909f56bfc062723c751e8b465ee728b)  -> (artifact id: '929fbf4c12313fb5cb06882ead424786') in 0.011428 seconds 
  Import took 0.014705 seconds .

========================================================================
Received Prepare
Registering precompiled user dll's ...
Registered in 0.002541 seconds.
Begin MonoManager ReloadAssembly
Native extension for WindowsStandalone target not found
Refreshing native plugins compatible for Editor in 0.58 ms, found 2 plugins.
Preloading 0 native plugins for Editor in 0.00 ms.
Mono: successfully reloaded assembly
- Completed reload, in  0.921 seconds
Domain Reload Profiling:
	ReloadAssembly (921ms)
		BeginReloadAssembly (99ms)
			ExecutionOrderSort (0ms)
			DisableScriptedObjects (4ms)
			BackupInstance (0ms)
			ReleaseScriptingObjects (0ms)
			CreateAndSetChildDomain (29ms)
		EndReloadAssembly (771ms)
			LoadAssemblies (73ms)
			RebuildTransferFunctionScriptingTraits (0ms)
			SetupTypeCache (248ms)
			ReleaseScriptCaches (1ms)
			RebuildScriptCaches (46ms)
			SetupLoadedEditorAssemblies (308ms)
				LogAssemblyErrors (0ms)
				InitializePlatformSupportModulesInManaged (5ms)
				SetLoadedEditorAssemblies (0ms)
				RefreshPlugins (1ms)
				BeforeProcessingInitializeOnLoad (77ms)
				ProcessInitializeOnLoadAttributes (213ms)
				ProcessInitializeOnLoadMethodAttributes (8ms)
				AfterProcessingInitializeOnLoad (4ms)
				EditorAssembliesLoaded (0ms)
			ExecutionOrderSort2 (0ms)
			AwakeInstancesAfterBackupRestoration (6ms)
Platform modules already initialized, skipping
Refreshing native plugins compatible for Editor in 0.39 ms, found 2 plugins.
Preloading 0 native plugins for Editor in 0.00 ms.
Unloading 1671 Unused Serialized files (Serialized files now loaded: 0)
System memory in use before: 77.7 MB.
System memory in use after: 77.8 MB.

Unloading 16 unused Assets to reduce memory usage. Loaded Objects now: 2181.
Total: 2.961300 ms (FindLiveObjects: 0.181800 ms CreateObjectMapping: 0.055600 ms MarkObjects: 2.698800 ms  DeleteObjects: 0.023900 ms)

AssetImportParameters requested are different than current active one (requested -> active):
  custom:framework-win-MediaFoundation: 216162199b28c13a410421893ffa2e32 -> 
  custom:video-decoder-ogg-theora: a1e56fd34408186e4bbccfd4996cb3dc -> 
  custom:container-muxer-webm: aa71ff27fc2769a1b78a27578f13a17b -> 
  custom:container-demuxer-webm: 4f35f7cbe854078d1ac9338744f61a02 -> 
  custom:container-demuxer-ogg: 62fdf1f143b41e24485cea50d1cbac27 -> 
  custom:video-encoder-webm-vp8: eb34c28f22e8b96e1ab97ce403110664 -> 
  custom:video-codec-MediaFoundation-h265: 746d11721c4dcdbdad8f713fa42b33f4 -> 
  custom:video-decoder-webm-vp8: 9c59270c3fd7afecdb556c50c9e8de78 -> 
  custom:audio-decoder-ogg-vorbis: bf7c407c2cedff20999df2af8eb42d56 -> 
  custom:audio-encoder-webm-vorbis: bf7c407c2cedff20999df2af8eb42d56 -> 
========================================================================
Received Prepare
Registering precompiled user dll's ...
Registered in 0.003779 seconds.
Begin MonoManager ReloadAssembly
Native extension for WindowsStandalone target not found
Refreshing native plugins compatible for Editor in 0.35 ms, found 2 plugins.
Preloading 0 native plugins for Editor in 0.00 ms.
Mono: successfully reloaded assembly
- Completed reload, in  0.869 seconds
Domain Reload Profiling:
	ReloadAssembly (869ms)
		BeginReloadAssembly (110ms)
			ExecutionOrderSort (0ms)
			DisableScriptedObjects (4ms)
			BackupInstance (0ms)
			ReleaseScriptingObjects (0ms)
			CreateAndSetChildDomain (31ms)
		EndReloadAssembly (693ms)
			LoadAssemblies (70ms)
			RebuildTransferFunctionScriptingTraits (0ms)
			SetupTypeCache (233ms)
			ReleaseScriptCaches (1ms)
			RebuildScriptCaches (44ms)
			SetupLoadedEditorAssemblies (263ms)
				LogAssemblyErrors (0ms)
				InitializePlatformSupportModulesInManaged (5ms)
				SetLoadedEditorAssemblies (0ms)
				RefreshPlugins (0ms)
				BeforeProcessingInitializeOnLoad (69ms)
				ProcessInitializeOnLoadAttributes (178ms)
				ProcessInitializeOnLoadMethodAttributes (8ms)
				AfterProcessingInitializeOnLoad (3ms)
				EditorAssembliesLoaded (0ms)
			ExecutionOrderSort2 (0ms)
			AwakeInstancesAfterBackupRestoration (6ms)
Platform modules already initialized, skipping
Refreshing native plugins compatible for Editor in 0.34 ms, found 2 plugins.
Preloading 0 native plugins for Editor in 0.00 ms.
Unloading 1684 Unused Serialized files (Serialized files now loaded: 0)
System memory in use before: 79.9 MB.
System memory in use after: 79.3 MB.

Unloading 28 unused Assets to reduce memory usage. Loaded Objects now: 2183.
Total: 2.860000 ms (FindLiveObjects: 0.153200 ms CreateObjectMapping: 0.052500 ms MarkObjects: 2.389600 ms  DeleteObjects: 0.263600 ms)

AssetImportParameters requested are different than current active one (requested -> active):
  custom:framework-win-MediaFoundation: 216162199b28c13a410421893ffa2e32 -> 
  custom:video-decoder-ogg-theora: a1e56fd34408186e4bbccfd4996cb3dc -> 
  custom:container-muxer-webm: aa71ff27fc2769a1b78a27578f13a17b -> 
  custom:container-demuxer-webm: 4f35f7cbe854078d1ac9338744f61a02 -> 
  custom:container-demuxer-ogg: 62fdf1f143b41e24485cea50d1cbac27 -> 
  custom:video-encoder-webm-vp8: eb34c28f22e8b96e1ab97ce403110664 -> 
  custom:video-codec-MediaFoundation-h265: 746d11721c4dcdbdad8f713fa42b33f4 -> 
  custom:video-decoder-webm-vp8: 9c59270c3fd7afecdb556c50c9e8de78 -> 
  custom:audio-decoder-ogg-vorbis: bf7c407c2cedff20999df2af8eb42d56 -> 
  custom:audio-encoder-webm-vorbis: bf7c407c2cedff20999df2af8eb42d56 -> 
========================================================================
Received Prepare
Registering precompiled user dll's ...
Registered in 0.002719 seconds.
Begin MonoManager ReloadAssembly
Native extension for WindowsStandalone target not found
Refreshing native plugins compatible for Editor in 0.34 ms, found 2 plugins.
Preloading 0 native plugins for Editor in 0.00 ms.
Mono: successfully reloaded assembly
- Completed reload, in  0.830 seconds
Domain Reload Profiling:
	ReloadAssembly (830ms)
		BeginReloadAssembly (97ms)
			ExecutionOrderSort (0ms)
			DisableScriptedObjects (4ms)
			BackupInstance (0ms)
			ReleaseScriptingObjects (0ms)
			CreateAndSetChildDomain (27ms)
		EndReloadAssembly (685ms)
			LoadAssemblies (68ms)
			RebuildTransferFunctionScriptingTraits (0ms)
			SetupTypeCache (223ms)
			ReleaseScriptCaches (1ms)
			RebuildScriptCaches (40ms)
			SetupLoadedEditorAssemblies (271ms)
				LogAssemblyErrors (0ms)
				InitializePlatformSupportModulesInManaged (5ms)
				SetLoadedEditorAssemblies (0ms)
				RefreshPlugins (0ms)
				BeforeProcessingInitializeOnLoad (69ms)
				ProcessInitializeOnLoadAttributes (184ms)
				ProcessInitializeOnLoadMethodAttributes (8ms)
				AfterProcessingInitializeOnLoad (4ms)
				EditorAssembliesLoaded (0ms)
			ExecutionOrderSort2 (0ms)
			AwakeInstancesAfterBackupRestoration (6ms)
Platform modules already initialized, skipping
Refreshing native plugins compatible for Editor in 0.36 ms, found 2 plugins.
Preloading 0 native plugins for Editor in 0.00 ms.
Unloading 1684 Unused Serialized files (Serialized files now loaded: 0)
System memory in use before: 79.9 MB.
System memory in use after: 79.3 MB.

Unloading 28 unused Assets to reduce memory usage. Loaded Objects now: 2185.
Total: 2.824700 ms (FindLiveObjects: 0.161900 ms CreateObjectMapping: 0.058100 ms MarkObjects: 2.313300 ms  DeleteObjects: 0.290500 ms)

AssetImportParameters requested are different than current active one (requested -> active):
  custom:framework-win-MediaFoundation: 216162199b28c13a410421893ffa2e32 -> 
  custom:video-decoder-ogg-theora: a1e56fd34408186e4bbccfd4996cb3dc -> 
  custom:container-muxer-webm: aa71ff27fc2769a1b78a27578f13a17b -> 
  custom:container-demuxer-webm: 4f35f7cbe854078d1ac9338744f61a02 -> 
  custom:container-demuxer-ogg: 62fdf1f143b41e24485cea50d1cbac27 -> 
  custom:video-encoder-webm-vp8: eb34c28f22e8b96e1ab97ce403110664 -> 
  custom:video-codec-MediaFoundation-h265: 746d11721c4dcdbdad8f713fa42b33f4 -> 
  custom:video-decoder-webm-vp8: 9c59270c3fd7afecdb556c50c9e8de78 -> 
  custom:audio-decoder-ogg-vorbis: bf7c407c2cedff20999df2af8eb42d56 -> 
  custom:audio-encoder-webm-vorbis: bf7c407c2cedff20999df2af8eb42d56 -> 
========================================================================
Received Import Request.
  Time since last request: 1080.357263 seconds.
  path: Assets/Prefabs/Plane.prefab
  artifactKey: Guid(9613f937e86536c47b89f4ce19ce7914) Importer(815301076,1909f56bfc062723c751e8b465ee728b)
Start importing Assets/Prefabs/Plane.prefab using Guid(9613f937e86536c47b89f4ce19ce7914) Importer(815301076,1909f56bfc062723c751e8b465ee728b)  -> (artifact id: '6426eef31011eb34a41b4460f58a944d') in 0.067633 seconds 
  Import took 0.070455 seconds .

========================================================================
Received Import Request.
  Time since last request: 0.517584 seconds.
  path: Assets/Prefabs/Plane.prefab
  artifactKey: Guid(9613f937e86536c47b89f4ce19ce7914) Importer(815301076,1909f56bfc062723c751e8b465ee728b)
Start importing Assets/Prefabs/Plane.prefab using Guid(9613f937e86536c47b89f4ce19ce7914) Importer(815301076,1909f56bfc062723c751e8b465ee728b)  -> (artifact id: 'a124be49aa120dde82576bc360bfb48b') in 0.010302 seconds 
  Import took 0.013273 seconds .

========================================================================
Received Import Request.
  Time since last request: 2.847023 seconds.
  path: Assets/Prefabs/Plane.prefab
  artifactKey: Guid(9613f937e86536c47b89f4ce19ce7914) Importer(815301076,1909f56bfc062723c751e8b465ee728b)
Start importing Assets/Prefabs/Plane.prefab using Guid(9613f937e86536c47b89f4ce19ce7914) Importer(815301076,1909f56bfc062723c751e8b465ee728b)  -> (artifact id: '5bcc342e13c7bb9bb30d57b5ee705d22') in 0.012379 seconds 
  Import took 0.015514 seconds .

========================================================================
Received Import Request.
  Time since last request: 2.006351 seconds.
  path: Assets/Prefabs/Plane.prefab
  artifactKey: Guid(9613f937e86536c47b89f4ce19ce7914) Importer(815301076,1909f56bfc062723c751e8b465ee728b)
Start importing Assets/Prefabs/Plane.prefab using Guid(9613f937e86536c47b89f4ce19ce7914) Importer(815301076,1909f56bfc062723c751e8b465ee728b)  -> (artifact id: 'c4c9db9c075c26dc4dd82a1845086ccb') in 0.010045 seconds 
  Import took 0.013061 seconds .

========================================================================
Received Prepare
Registering precompiled user dll's ...
Registered in 0.002473 seconds.
Begin MonoManager ReloadAssembly
Native extension for WindowsStandalone target not found
Refreshing native plugins compatible for Editor in 0.34 ms, found 2 plugins.
Preloading 0 native plugins for Editor in 0.00 ms.
Mono: successfully reloaded assembly
- Completed reload, in  0.831 seconds
Domain Reload Profiling:
	ReloadAssembly (831ms)
		BeginReloadAssembly (98ms)
			ExecutionOrderSort (0ms)
			DisableScriptedObjects (4ms)
			BackupInstance (0ms)
			ReleaseScriptingObjects (0ms)
			CreateAndSetChildDomain (28ms)
		EndReloadAssembly (684ms)
			LoadAssemblies (69ms)
			RebuildTransferFunctionScriptingTraits (0ms)
			SetupTypeCache (230ms)
			ReleaseScriptCaches (1ms)
			RebuildScriptCaches (42ms)
			SetupLoadedEditorAssemblies (261ms)
				LogAssemblyErrors (0ms)
				InitializePlatformSupportModulesInManaged (5ms)
				SetLoadedEditorAssemblies (0ms)
				RefreshPlugins (0ms)
				BeforeProcessingInitializeOnLoad (69ms)
				ProcessInitializeOnLoadAttributes (175ms)
				ProcessInitializeOnLoadMethodAttributes (8ms)
				AfterProcessingInitializeOnLoad (3ms)
				EditorAssembliesLoaded (0ms)
			ExecutionOrderSort2 (0ms)
			AwakeInstancesAfterBackupRestoration (6ms)
Platform modules already initialized, skipping
Refreshing native plugins compatible for Editor in 0.36 ms, found 2 plugins.
Preloading 0 native plugins for Editor in 0.00 ms.
Unloading 1684 Unused Serialized files (Serialized files now loaded: 0)
System memory in use before: 79.9 MB.
System memory in use after: 79.4 MB.

Unloading 28 unused Assets to reduce memory usage. Loaded Objects now: 2188.
Total: 2.725100 ms (FindLiveObjects: 0.153100 ms CreateObjectMapping: 0.052200 ms MarkObjects: 2.229500 ms  DeleteObjects: 0.289700 ms)

AssetImportParameters requested are different than current active one (requested -> active):
  custom:framework-win-MediaFoundation: 216162199b28c13a410421893ffa2e32 -> 
  custom:video-decoder-ogg-theora: a1e56fd34408186e4bbccfd4996cb3dc -> 
  custom:container-muxer-webm: aa71ff27fc2769a1b78a27578f13a17b -> 
  custom:container-demuxer-webm: 4f35f7cbe854078d1ac9338744f61a02 -> 
  custom:container-demuxer-ogg: 62fdf1f143b41e24485cea50d1cbac27 -> 
  custom:video-encoder-webm-vp8: eb34c28f22e8b96e1ab97ce403110664 -> 
  custom:video-codec-MediaFoundation-h265: 746d11721c4dcdbdad8f713fa42b33f4 -> 
  custom:video-decoder-webm-vp8: 9c59270c3fd7afecdb556c50c9e8de78 -> 
  custom:audio-decoder-ogg-vorbis: bf7c407c2cedff20999df2af8eb42d56 -> 
  custom:audio-encoder-webm-vorbis: bf7c407c2cedff20999df2af8eb42d56 -> 
AssetImportWorkerClient::OnTransportError - code=2 error=End of file
